<?xml version="1.0" encoding="UTF-8"?>
<testsuite xmlns:xsi="http://www.w3.org/2001/XMLSchema-instance" xsi:noNamespaceSchemaLocation="https://maven.apache.org/surefire/maven-surefire-plugin/xsd/surefire-test-report.xsd" name="com.quizlabs.algebrator.AlgebratorApplicationTests" time="9.282" tests="1" errors="0" skipped="0" failures="0">
  <properties>
    <property name="java.specification.version" value="17"/>
    <property name="sun.cpu.isalist" value="amd64"/>
    <property name="sun.jnu.encoding" value="Cp1252"/>
    <property name="java.class.path" value="C:\Users\quizz\Documents\GitHub\algebrator-repo1a\target\test-classes;C:\Users\quizz\Documents\GitHub\algebrator-repo1a\target\classes;C:\Users\quizz\.m2\repository\org\springframework\boot\spring-boot-starter-web\2.7.13\spring-boot-starter-web-2.7.13.jar;C:\Users\quizz\.m2\repository\org\springframework\boot\spring-boot-starter\2.7.13\spring-boot-starter-2.7.13.jar;C:\Users\quizz\.m2\repository\org\springframework\boot\spring-boot\2.7.13\spring-boot-2.7.13.jar;C:\Users\quizz\.m2\repository\org\springframework\boot\spring-boot-autoconfigure\2.7.13\spring-boot-autoconfigure-2.7.13.jar;C:\Users\quizz\.m2\repository\org\springframework\boot\spring-boot-starter-logging\2.7.13\spring-boot-starter-logging-2.7.13.jar;C:\Users\quizz\.m2\repository\ch\qos\logback\logback-classic\1.2.12\logback-classic-1.2.12.jar;C:\Users\quizz\.m2\repository\ch\qos\logback\logback-core\1.2.12\logback-core-1.2.12.jar;C:\Users\quizz\.m2\repository\org\apache\logging\log4j\log4j-to-slf4j\2.17.2\log4j-to-slf4j-2.17.2.jar;C:\Users\quizz\.m2\repository\org\slf4j\jul-to-slf4j\1.7.36\jul-to-slf4j-1.7.36.jar;C:\Users\quizz\.m2\repository\org\yaml\snakeyaml\1.30\snakeyaml-1.30.jar;C:\Users\quizz\.m2\repository\org\springframework\boot\spring-boot-starter-json\2.7.13\spring-boot-starter-json-2.7.13.jar;C:\Users\quizz\.m2\repository\com\fasterxml\jackson\core\jackson-databind\2.13.5\jackson-databind-2.13.5.jar;C:\Users\quizz\.m2\repository\com\fasterxml\jackson\core\jackson-annotations\2.13.5\jackson-annotations-2.13.5.jar;C:\Users\quizz\.m2\repository\com\fasterxml\jackson\core\jackson-core\2.13.5\jackson-core-2.13.5.jar;C:\Users\quizz\.m2\repository\com\fasterxml\jackson\datatype\jackson-datatype-jdk8\2.13.5\jackson-datatype-jdk8-2.13.5.jar;C:\Users\quizz\.m2\repository\com\fasterxml\jackson\datatype\jackson-datatype-jsr310\2.13.5\jackson-datatype-jsr310-2.13.5.jar;C:\Users\quizz\.m2\repository\com\fasterxml\jackson\module\jackson-module-parameter-names\2.13.5\jackson-module-parameter-names-2.13.5.jar;C:\Users\quizz\.m2\repository\org\springframework\spring-web\5.3.28\spring-web-5.3.28.jar;C:\Users\quizz\.m2\repository\org\springframework\spring-beans\5.3.28\spring-beans-5.3.28.jar;C:\Users\quizz\.m2\repository\org\springframework\spring-webmvc\5.3.28\spring-webmvc-5.3.28.jar;C:\Users\quizz\.m2\repository\org\springframework\spring-aop\5.3.28\spring-aop-5.3.28.jar;C:\Users\quizz\.m2\repository\org\springframework\spring-context\5.3.28\spring-context-5.3.28.jar;C:\Users\quizz\.m2\repository\org\springframework\spring-expression\5.3.28\spring-expression-5.3.28.jar;C:\Users\quizz\.m2\repository\com\vaadin\vaadin-spring-boot-starter\23.2.7\vaadin-spring-boot-starter-23.2.7.jar;C:\Users\quizz\.m2\repository\com\vaadin\vaadin-spring\23.2.6\vaadin-spring-23.2.6.jar;C:\Users\quizz\.m2\repository\com\vaadin\flow-server\23.2.6\flow-server-23.2.6.jar;C:\Users\quizz\.m2\repository\javax\annotation\javax.annotation-api\1.3.2\javax.annotation-api-1.3.2.jar;C:\Users\quizz\.m2\repository\com\vaadin\external\gwt\gwt-elemental\2.8.2.vaadin2\gwt-elemental-2.8.2.vaadin2.jar;C:\Users\quizz\.m2\repository\commons-fileupload\commons-fileupload\1.4\commons-fileupload-1.4.jar;C:\Users\quizz\.m2\repository\commons-io\commons-io\2.11.0\commons-io-2.11.0.jar;C:\Users\quizz\.m2\repository\org\jsoup\jsoup\1.15.3\jsoup-1.15.3.jar;C:\Users\quizz\.m2\repository\com\helger\ph-css\6.5.0\ph-css-6.5.0.jar;C:\Users\quizz\.m2\repository\com\helger\commons\ph-commons\10.1.6\ph-commons-10.1.6.jar;C:\Users\quizz\.m2\repository\com\vaadin\external\gentyref\1.2.0.vaadin1\gentyref-1.2.0.vaadin1.jar;C:\Users\quizz\.m2\repository\org\apache\commons\commons-compress\1.22\commons-compress-1.22.jar;C:\Users\quizz\.m2\repository\org\apache\httpcomponents\httpclient\4.5.14\httpclient-4.5.14.jar;C:\Users\quizz\.m2\repository\org\apache\httpcomponents\httpcore\4.4.16\httpcore-4.4.16.jar;C:\Users\quizz\.m2\repository\commons-codec\commons-codec\1.15\commons-codec-1.15.jar;C:\Users\quizz\.m2\repository\com\vaadin\flow-push\23.2.6\flow-push-23.2.6.jar;C:\Users\quizz\.m2\repository\com\vaadin\external\atmosphere\atmosphere-runtime\2.7.3.slf4jvaadin4\atmosphere-runtime-2.7.3.slf4jvaadin4.jar;C:\Users\quizz\.m2\repository\com\vaadin\flow-client\23.2.6\flow-client-23.2.6.jar;C:\Users\quizz\.m2\repository\org\springframework\spring-websocket\5.3.28\spring-websocket-5.3.28.jar;C:\Users\quizz\.m2\repository\org\hibernate\validator\hibernate-validator\6.2.5.Final\hibernate-validator-6.2.5.Final.jar;C:\Users\quizz\.m2\repository\jakarta\validation\jakarta.validation-api\2.0.2\jakarta.validation-api-2.0.2.jar;C:\Users\quizz\.m2\repository\org\jboss\logging\jboss-logging\3.4.3.Final\jboss-logging-3.4.3.Final.jar;C:\Users\quizz\.m2\repository\com\fasterxml\classmate\1.5.1\classmate-1.5.1.jar;C:\Users\quizz\.m2\repository\com\vaadin\vaadin-core\23.2.7\vaadin-core-23.2.7.jar;C:\Users\quizz\.m2\repository\com\vaadin\vaadin-dev-server\23.2.6\vaadin-dev-server-23.2.6.jar;C:\Users\quizz\.m2\repository\com\vaadin\license-checker\1.10.1\license-checker-1.10.1.jar;C:\Users\quizz\.m2\repository\com\github\oshi\oshi-core\6.1.6\oshi-core-6.1.6.jar;C:\Users\quizz\.m2\repository\net\java\dev\jna\jna\5.11.0\jna-5.11.0.jar;C:\Users\quizz\.m2\repository\net\java\dev\jna\jna-platform\5.11.0\jna-platform-5.11.0.jar;C:\Users\quizz\.m2\repository\com\nimbusds\nimbus-jose-jwt\9.23\nimbus-jose-jwt-9.23.jar;C:\Users\quizz\.m2\repository\org\lucee\jcip-annotations\1.0.0\jcip-annotations-1.0.0.jar;C:\Users\quizz\.m2\repository\com\vaadin\flow-lit-template\23.2.6\flow-lit-template-23.2.6.jar;C:\Users\quizz\.m2\repository\com\vaadin\flow-polymer-template\23.2.6\flow-polymer-template-23.2.6.jar;C:\Users\quizz\.m2\repository\com\vaadin\flow-html-components\23.2.6\flow-html-components-23.2.6.jar;C:\Users\quizz\.m2\repository\com\vaadin\flow-data\23.2.6\flow-data-23.2.6.jar;C:\Users\quizz\.m2\repository\javax\validation\validation-api\2.0.1.Final\validation-api-2.0.1.Final.jar;C:\Users\quizz\.m2\repository\com\vaadin\flow-dnd\23.2.6\flow-dnd-23.2.6.jar;C:\Users\quizz\.m2\repository\org\webjars\npm\vaadin__vaadin-mobile-drag-drop\1.0.1\vaadin__vaadin-mobile-drag-drop-1.0.1.jar;C:\Users\quizz\.m2\repository\org\webjars\npm\mobile-drag-drop\2.3.0-rc.2\mobile-drag-drop-2.3.0-rc.2.jar;C:\Users\quizz\.m2\repository\com\vaadin\vaadin-lumo-theme\23.2.7\vaadin-lumo-theme-23.2.7.jar;C:\Users\quizz\.m2\repository\com\vaadin\vaadin-material-theme\23.2.7\vaadin-material-theme-23.2.7.jar;C:\Users\quizz\.m2\repository\com\vaadin\vaadin-accordion-flow\23.2.7\vaadin-accordion-flow-23.2.7.jar;C:\Users\quizz\.m2\repository\com\vaadin\vaadin-avatar-flow\23.2.7\vaadin-avatar-flow-23.2.7.jar;C:\Users\quizz\.m2\repository\com\vaadin\vaadin-flow-components-base\23.2.7\vaadin-flow-components-base-23.2.7.jar;C:\Users\quizz\.m2\repository\com\vaadin\vaadin-button-flow\23.2.7\vaadin-button-flow-23.2.7.jar;C:\Users\quizz\.m2\repository\com\vaadin\vaadin-checkbox-flow\23.2.7\vaadin-checkbox-flow-23.2.7.jar;C:\Users\quizz\.m2\repository\com\vaadin\vaadin-combo-box-flow\23.2.7\vaadin-combo-box-flow-23.2.7.jar;C:\Users\quizz\.m2\repository\com\vaadin\vaadin-confirm-dialog-flow\23.2.7\vaadin-confirm-dialog-flow-23.2.7.jar;C:\Users\quizz\.m2\repository\com\vaadin\vaadin-custom-field-flow\23.2.7\vaadin-custom-field-flow-23.2.7.jar;C:\Users\quizz\.m2\repository\com\vaadin\vaadin-date-picker-flow\23.2.7\vaadin-date-picker-flow-23.2.7.jar;C:\Users\quizz\.m2\repository\com\vaadin\vaadin-date-time-picker-flow\23.2.7\vaadin-date-time-picker-flow-23.2.7.jar;C:\Users\quizz\.m2\repository\com\vaadin\vaadin-details-flow\23.2.7\vaadin-details-flow-23.2.7.jar;C:\Users\quizz\.m2\repository\com\vaadin\vaadin-time-picker-flow\23.2.7\vaadin-time-picker-flow-23.2.7.jar;C:\Users\quizz\.m2\repository\com\vaadin\vaadin-select-flow\23.2.7\vaadin-select-flow-23.2.7.jar;C:\Users\quizz\.m2\repository\com\vaadin\vaadin-dialog-flow\23.2.7\vaadin-dialog-flow-23.2.7.jar;C:\Users\quizz\.m2\repository\com\vaadin\vaadin-form-layout-flow\23.2.7\vaadin-form-layout-flow-23.2.7.jar;C:\Users\quizz\.m2\repository\com\vaadin\vaadin-field-highlighter-flow\23.2.7\vaadin-field-highlighter-flow-23.2.7.jar;C:\Users\quizz\.m2\repository\com\vaadin\vaadin-grid-flow\23.2.7\vaadin-grid-flow-23.2.7.jar;C:\Users\quizz\.m2\repository\com\vaadin\vaadin-icons-flow\23.2.7\vaadin-icons-flow-23.2.7.jar;C:\Users\quizz\.m2\repository\com\vaadin\vaadin-iron-list-flow\23.2.7\vaadin-iron-list-flow-23.2.7.jar;C:\Users\quizz\.m2\repository\com\vaadin\vaadin-virtual-list-flow\23.2.7\vaadin-virtual-list-flow-23.2.7.jar;C:\Users\quizz\.m2\repository\com\vaadin\vaadin-list-box-flow\23.2.7\vaadin-list-box-flow-23.2.7.jar;C:\Users\quizz\.m2\repository\com\vaadin\vaadin-login-flow\23.2.7\vaadin-login-flow-23.2.7.jar;C:\Users\quizz\.m2\repository\com\vaadin\vaadin-messages-flow\23.2.7\vaadin-messages-flow-23.2.7.jar;C:\Users\quizz\.m2\repository\com\vaadin\vaadin-ordered-layout-flow\23.2.7\vaadin-ordered-layout-flow-23.2.7.jar;C:\Users\quizz\.m2\repository\com\vaadin\vaadin-progress-bar-flow\23.2.7\vaadin-progress-bar-flow-23.2.7.jar;C:\Users\quizz\.m2\repository\com\vaadin\vaadin-radio-button-flow\23.2.7\vaadin-radio-button-flow-23.2.7.jar;C:\Users\quizz\.m2\repository\com\vaadin\vaadin-renderer-flow\23.2.7\vaadin-renderer-flow-23.2.7.jar;C:\Users\quizz\.m2\repository\com\vaadin\vaadin-split-layout-flow\23.2.7\vaadin-split-layout-flow-23.2.7.jar;C:\Users\quizz\.m2\repository\com\vaadin\vaadin-tabs-flow\23.2.7\vaadin-tabs-flow-23.2.7.jar;C:\Users\quizz\.m2\repository\com\vaadin\vaadin-text-field-flow\23.2.7\vaadin-text-field-flow-23.2.7.jar;C:\Users\quizz\.m2\repository\com\vaadin\vaadin-upload-flow\23.2.7\vaadin-upload-flow-23.2.7.jar;C:\Users\quizz\.m2\repository\com\vaadin\vaadin-notification-flow\23.2.7\vaadin-notification-flow-23.2.7.jar;C:\Users\quizz\.m2\repository\com\vaadin\vaadin-app-layout-flow\23.2.7\vaadin-app-layout-flow-23.2.7.jar;C:\Users\quizz\.m2\repository\com\vaadin\vaadin-context-menu-flow\23.2.7\vaadin-context-menu-flow-23.2.7.jar;C:\Users\quizz\.m2\repository\com\vaadin\vaadin-menu-bar-flow\23.2.7\vaadin-menu-bar-flow-23.2.7.jar;C:\Users\quizz\.m2\repository\org\springframework\boot\spring-boot-starter-tomcat\2.7.13\spring-boot-starter-tomcat-2.7.13.jar;C:\Users\quizz\.m2\repository\jakarta\annotation\jakarta.annotation-api\1.3.5\jakarta.annotation-api-1.3.5.jar;C:\Users\quizz\.m2\repository\org\apache\tomcat\embed\tomcat-embed-core\9.0.76\tomcat-embed-core-9.0.76.jar;C:\Users\quizz\.m2\repository\org\apache\tomcat\embed\tomcat-embed-el\9.0.76\tomcat-embed-el-9.0.76.jar;C:\Users\quizz\.m2\repository\org\apache\tomcat\embed\tomcat-embed-websocket\9.0.76\tomcat-embed-websocket-9.0.76.jar;C:\Users\quizz\.m2\repository\org\springframework\boot\spring-boot-starter-test\2.7.13\spring-boot-starter-test-2.7.13.jar;C:\Users\quizz\.m2\repository\org\springframework\boot\spring-boot-test\2.7.13\spring-boot-test-2.7.13.jar;C:\Users\quizz\.m2\repository\org\springframework\boot\spring-boot-test-autoconfigure\2.7.13\spring-boot-test-autoconfigure-2.7.13.jar;C:\Users\quizz\.m2\repository\com\jayway\jsonpath\json-path\2.7.0\json-path-2.7.0.jar;C:\Users\quizz\.m2\repository\net\minidev\json-smart\2.4.11\json-smart-2.4.11.jar;C:\Users\quizz\.m2\repository\net\minidev\accessors-smart\2.4.11\accessors-smart-2.4.11.jar;C:\Users\quizz\.m2\repository\org\ow2\asm\asm\9.3\asm-9.3.jar;C:\Users\quizz\.m2\repository\org\slf4j\slf4j-api\1.7.36\slf4j-api-1.7.36.jar;C:\Users\quizz\.m2\repository\jakarta\xml\bind\jakarta.xml.bind-api\2.3.3\jakarta.xml.bind-api-2.3.3.jar;C:\Users\quizz\.m2\repository\jakarta\activation\jakarta.activation-api\1.2.2\jakarta.activation-api-1.2.2.jar;C:\Users\quizz\.m2\repository\org\assertj\assertj-core\3.22.0\assertj-core-3.22.0.jar;C:\Users\quizz\.m2\repository\org\hamcrest\hamcrest\2.2\hamcrest-2.2.jar;C:\Users\quizz\.m2\repository\org\junit\jupiter\junit-jupiter\5.8.2\junit-jupiter-5.8.2.jar;C:\Users\quizz\.m2\repository\org\junit\jupiter\junit-jupiter-api\5.8.2\junit-jupiter-api-5.8.2.jar;C:\Users\quizz\.m2\repository\org\opentest4j\opentest4j\1.2.0\opentest4j-1.2.0.jar;C:\Users\quizz\.m2\repository\org\junit\platform\junit-platform-commons\1.8.2\junit-platform-commons-1.8.2.jar;C:\Users\quizz\.m2\repository\org\apiguardian\apiguardian-api\1.1.2\apiguardian-api-1.1.2.jar;C:\Users\quizz\.m2\repository\org\junit\jupiter\junit-jupiter-params\5.8.2\junit-jupiter-params-5.8.2.jar;C:\Users\quizz\.m2\repository\org\junit\jupiter\junit-jupiter-engine\5.8.2\junit-jupiter-engine-5.8.2.jar;C:\Users\quizz\.m2\repository\org\junit\platform\junit-platform-engine\1.8.2\junit-platform-engine-1.8.2.jar;C:\Users\quizz\.m2\repository\org\mockito\mockito-core\4.5.1\mockito-core-4.5.1.jar;C:\Users\quizz\.m2\repository\net\bytebuddy\byte-buddy\1.12.23\byte-buddy-1.12.23.jar;C:\Users\quizz\.m2\repository\net\bytebuddy\byte-buddy-agent\1.12.23\byte-buddy-agent-1.12.23.jar;C:\Users\quizz\.m2\repository\org\objenesis\objenesis\3.2\objenesis-3.2.jar;C:\Users\quizz\.m2\repository\org\mockito\mockito-junit-jupiter\4.5.1\mockito-junit-jupiter-4.5.1.jar;C:\Users\quizz\.m2\repository\org\skyscreamer\jsonassert\1.5.1\jsonassert-1.5.1.jar;C:\Users\quizz\.m2\repository\com\vaadin\external\google\android-json\0.0.20131108.vaadin1\android-json-0.0.20131108.vaadin1.jar;C:\Users\quizz\.m2\repository\org\springframework\spring-core\5.3.28\spring-core-5.3.28.jar;C:\Users\quizz\.m2\repository\org\springframework\spring-jcl\5.3.28\spring-jcl-5.3.28.jar;C:\Users\quizz\.m2\repository\org\springframework\spring-test\5.3.28\spring-test-5.3.28.jar;C:\Users\quizz\.m2\repository\org\xmlunit\xmlunit-core\2.9.1\xmlunit-core-2.9.1.jar;C:\Users\quizz\.m2\repository\org\matheclipse\matheclipse-core\3.0.0\matheclipse-core-3.0.0.jar;C:\Users\quizz\.m2\repository\org\matheclipse\matheclipse-external\3.0.0\matheclipse-external-3.0.0.jar;C:\Users\quizz\.m2\repository\com\google\guava\guava\32.1.3-jre\guava-32.1.3-jre.jar;C:\Users\quizz\.m2\repository\com\google\guava\failureaccess\1.0.1\failureaccess-1.0.1.jar;C:\Users\quizz\.m2\repository\com\google\guava\listenablefuture\9999.0-empty-to-avoid-conflict-with-guava\listenablefuture-9999.0-empty-to-avoid-conflict-with-guava.jar;C:\Users\quizz\.m2\repository\com\google\code\findbugs\jsr305\3.0.2\jsr305-3.0.2.jar;C:\Users\quizz\.m2\repository\org\checkerframework\checker-qual\3.37.0\checker-qual-3.37.0.jar;C:\Users\quizz\.m2\repository\com\google\errorprone\error_prone_annotations\2.21.1\error_prone_annotations-2.21.1.jar;C:\Users\quizz\.m2\repository\com\google\j2objc\j2objc-annotations\2.8\j2objc-annotations-2.8.jar;C:\Users\quizz\.m2\repository\io\pebbletemplates\pebble\3.2.1\pebble-3.2.1.jar;C:\Users\quizz\.m2\repository\org\unbescape\unbescape\1.1.6.RELEASE\unbescape-1.1.6.RELEASE.jar;C:\Users\quizz\.m2\repository\de\uni-mannheim\rz\krum\jas\2.7.200\jas-2.7.200.jar;C:\Users\quizz\.m2\repository\org\apfloat\apfloat\1.12.0\apfloat-1.12.0.jar;C:\Users\quizz\.m2\repository\org\hipparchus\hipparchus-clustering\3.0\hipparchus-clustering-3.0.jar;C:\Users\quizz\.m2\repository\org\hipparchus\hipparchus-core\3.0\hipparchus-core-3.0.jar;C:\Users\quizz\.m2\repository\org\hipparchus\hipparchus-stat\3.0\hipparchus-stat-3.0.jar;C:\Users\quizz\.m2\repository\org\hipparchus\hipparchus-fft\3.0\hipparchus-fft-3.0.jar;C:\Users\quizz\.m2\repository\org\hipparchus\hipparchus-fitting\3.0\hipparchus-fitting-3.0.jar;C:\Users\quizz\.m2\repository\org\hipparchus\hipparchus-ode\3.0\hipparchus-ode-3.0.jar;C:\Users\quizz\.m2\repository\org\hipparchus\hipparchus-optim\3.0\hipparchus-optim-3.0.jar;C:\Users\quizz\.m2\repository\org\jgrapht\jgrapht-io\1.5.2\jgrapht-io-1.5.2.jar;C:\Users\quizz\.m2\repository\org\jgrapht\jgrapht-core\1.5.2\jgrapht-core-1.5.2.jar;C:\Users\quizz\.m2\repository\org\jheaps\jheaps\0.14\jheaps-0.14.jar;C:\Users\quizz\.m2\repository\org\antlr\antlr4-runtime\4.12.0\antlr4-runtime-4.12.0.jar;C:\Users\quizz\.m2\repository\org\apache\commons\commons-text\1.10.0\commons-text-1.10.0.jar;C:\Users\quizz\.m2\repository\org\apache\commons\commons-lang3\3.12.0\commons-lang3-3.12.0.jar;C:\Users\quizz\.m2\repository\org\apache\commons\commons-csv\1.10.0\commons-csv-1.10.0.jar;C:\Users\quizz\.m2\repository\org\logicng\logicng-j11\2.4.2\logicng-j11-2.4.2.jar;C:\Users\quizz\.m2\repository\org\gavaghan\geodesy\1.1.3\geodesy-1.1.3.jar;C:\Users\quizz\.m2\repository\it\unimi\dsi\fastutil-core\8.5.12\fastutil-core-8.5.12.jar;C:\Users\quizz\.m2\repository\org\codehaus\janino\janino\3.1.9\janino-3.1.9.jar;C:\Users\quizz\.m2\repository\org\codehaus\janino\commons-compiler\3.1.9\commons-compiler-3.1.9.jar;C:\Users\quizz\.m2\repository\com\univocity\univocity-parsers\2.9.1\univocity-parsers-2.9.1.jar;C:\Users\quizz\.m2\repository\org\organicdesign\Paguro\3.10.3\Paguro-3.10.3.jar;C:\Users\quizz\.m2\repository\org\jetbrains\annotations\23.0.0\annotations-23.0.0.jar;C:\Users\quizz\.m2\repository\org\choco-solver\choco-solver\4.10.14\choco-solver-4.10.14.jar;C:\Users\quizz\.m2\repository\dk\brics\automaton\automaton\1.11-8\automaton-1.11-8.jar;C:\Users\quizz\.m2\repository\org\knowm\xchart\xchart\3.8.3\xchart-3.8.3.jar;C:\Users\quizz\.m2\repository\de\erichseifert\vectorgraphics2d\VectorGraphics2D\0.13\VectorGraphics2D-0.13.jar;C:\Users\quizz\.m2\repository\de\rototor\pdfbox\graphics2d\0.41\graphics2d-0.41.jar;C:\Users\quizz\.m2\repository\org\apache\pdfbox\pdfbox\2.0.26\pdfbox-2.0.26.jar;C:\Users\quizz\.m2\repository\org\apache\pdfbox\fontbox\2.0.26\fontbox-2.0.26.jar;C:\Users\quizz\.m2\repository\commons-logging\commons-logging\1.2\commons-logging-1.2.jar;C:\Users\quizz\.m2\repository\com\madgag\animated-gif-lib\1.4\animated-gif-lib-1.4.jar;C:\Users\quizz\.m2\repository\org\ehcache\sizeof\0.4.3\sizeof-0.4.3.jar;C:\Users\quizz\.m2\repository\net\sf\trove4j\trove4j\3.0.3\trove4j-3.0.3.jar;C:\Users\quizz\.m2\repository\com\esotericsoftware\kryo\5.5.0\kryo-5.5.0.jar;C:\Users\quizz\.m2\repository\com\esotericsoftware\reflectasm\1.11.9\reflectasm-1.11.9.jar;C:\Users\quizz\.m2\repository\com\esotericsoftware\minlog\1.3.1\minlog-1.3.1.jar;C:\Users\quizz\.m2\repository\com\github\freva\ascii-table\1.8.0\ascii-table-1.8.0.jar;C:\Users\quizz\.m2\repository\de\labathome\AdaptiveQuadrature\1.0.2\AdaptiveQuadrature-1.0.2.jar;C:\Users\quizz\.m2\repository\org\apache\logging\log4j\log4j-api\2.17.2\log4j-api-2.17.2.jar;C:\Users\quizz\.m2\repository\org\matheclipse\matheclipse-parser\3.0.0\matheclipse-parser-3.0.0.jar;"/>
    <property name="java.vm.vendor" value="Oracle Corporation"/>
    <property name="sun.arch.data.model" value="64"/>
    <property name="user.variant" value=""/>
    <property name="java.vendor.url" value="https://java.oracle.com/"/>
    <property name="user.timezone" value="America/New_York"/>
    <property name="os.name" value="Windows 10"/>
    <property name="java.vm.specification.version" value="17"/>
    <property name="sun.java.launcher" value="SUN_STANDARD"/>
    <property name="user.country" value="US"/>
    <property name="sun.boot.library.path" value="C:\java\jdk17\bin"/>
    <property name="sun.java.command" value="C:\Users\quizz\AppData\Local\Temp\surefire8509053842023868038\surefirebooter1909306871452870846.jar C:\Users\quizz\AppData\Local\Temp\surefire8509053842023868038 2025-01-20T15-27-30_588-jvmRun1 surefire13346188932402759680tmp surefire_06158925212894767495tmp"/>
    <property name="jdk.debug" value="release"/>
    <property name="surefire.test.class.path" value="C:\Users\quizz\Documents\GitHub\algebrator-repo1a\target\test-classes;C:\Users\quizz\Documents\GitHub\algebrator-repo1a\target\classes;C:\Users\quizz\.m2\repository\org\springframework\boot\spring-boot-starter-web\2.7.13\spring-boot-starter-web-2.7.13.jar;C:\Users\quizz\.m2\repository\org\springframework\boot\spring-boot-starter\2.7.13\spring-boot-starter-2.7.13.jar;C:\Users\quizz\.m2\repository\org\springframework\boot\spring-boot\2.7.13\spring-boot-2.7.13.jar;C:\Users\quizz\.m2\repository\org\springframework\boot\spring-boot-autoconfigure\2.7.13\spring-boot-autoconfigure-2.7.13.jar;C:\Users\quizz\.m2\repository\org\springframework\boot\spring-boot-starter-logging\2.7.13\spring-boot-starter-logging-2.7.13.jar;C:\Users\quizz\.m2\repository\ch\qos\logback\logback-classic\1.2.12\logback-classic-1.2.12.jar;C:\Users\quizz\.m2\repository\ch\qos\logback\logback-core\1.2.12\logback-core-1.2.12.jar;C:\Users\quizz\.m2\repository\org\apache\logging\log4j\log4j-to-slf4j\2.17.2\log4j-to-slf4j-2.17.2.jar;C:\Users\quizz\.m2\repository\org\slf4j\jul-to-slf4j\1.7.36\jul-to-slf4j-1.7.36.jar;C:\Users\quizz\.m2\repository\org\yaml\snakeyaml\1.30\snakeyaml-1.30.jar;C:\Users\quizz\.m2\repository\org\springframework\boot\spring-boot-starter-json\2.7.13\spring-boot-starter-json-2.7.13.jar;C:\Users\quizz\.m2\repository\com\fasterxml\jackson\core\jackson-databind\2.13.5\jackson-databind-2.13.5.jar;C:\Users\quizz\.m2\repository\com\fasterxml\jackson\core\jackson-annotations\2.13.5\jackson-annotations-2.13.5.jar;C:\Users\quizz\.m2\repository\com\fasterxml\jackson\core\jackson-core\2.13.5\jackson-core-2.13.5.jar;C:\Users\quizz\.m2\repository\com\fasterxml\jackson\datatype\jackson-datatype-jdk8\2.13.5\jackson-datatype-jdk8-2.13.5.jar;C:\Users\quizz\.m2\repository\com\fasterxml\jackson\datatype\jackson-datatype-jsr310\2.13.5\jackson-datatype-jsr310-2.13.5.jar;C:\Users\quizz\.m2\repository\com\fasterxml\jackson\module\jackson-module-parameter-names\2.13.5\jackson-module-parameter-names-2.13.5.jar;C:\Users\quizz\.m2\repository\org\springframework\spring-web\5.3.28\spring-web-5.3.28.jar;C:\Users\quizz\.m2\repository\org\springframework\spring-beans\5.3.28\spring-beans-5.3.28.jar;C:\Users\quizz\.m2\repository\org\springframework\spring-webmvc\5.3.28\spring-webmvc-5.3.28.jar;C:\Users\quizz\.m2\repository\org\springframework\spring-aop\5.3.28\spring-aop-5.3.28.jar;C:\Users\quizz\.m2\repository\org\springframework\spring-context\5.3.28\spring-context-5.3.28.jar;C:\Users\quizz\.m2\repository\org\springframework\spring-expression\5.3.28\spring-expression-5.3.28.jar;C:\Users\quizz\.m2\repository\com\vaadin\vaadin-spring-boot-starter\23.2.7\vaadin-spring-boot-starter-23.2.7.jar;C:\Users\quizz\.m2\repository\com\vaadin\vaadin-spring\23.2.6\vaadin-spring-23.2.6.jar;C:\Users\quizz\.m2\repository\com\vaadin\flow-server\23.2.6\flow-server-23.2.6.jar;C:\Users\quizz\.m2\repository\javax\annotation\javax.annotation-api\1.3.2\javax.annotation-api-1.3.2.jar;C:\Users\quizz\.m2\repository\com\vaadin\external\gwt\gwt-elemental\2.8.2.vaadin2\gwt-elemental-2.8.2.vaadin2.jar;C:\Users\quizz\.m2\repository\commons-fileupload\commons-fileupload\1.4\commons-fileupload-1.4.jar;C:\Users\quizz\.m2\repository\commons-io\commons-io\2.11.0\commons-io-2.11.0.jar;C:\Users\quizz\.m2\repository\org\jsoup\jsoup\1.15.3\jsoup-1.15.3.jar;C:\Users\quizz\.m2\repository\com\helger\ph-css\6.5.0\ph-css-6.5.0.jar;C:\Users\quizz\.m2\repository\com\helger\commons\ph-commons\10.1.6\ph-commons-10.1.6.jar;C:\Users\quizz\.m2\repository\com\vaadin\external\gentyref\1.2.0.vaadin1\gentyref-1.2.0.vaadin1.jar;C:\Users\quizz\.m2\repository\org\apache\commons\commons-compress\1.22\commons-compress-1.22.jar;C:\Users\quizz\.m2\repository\org\apache\httpcomponents\httpclient\4.5.14\httpclient-4.5.14.jar;C:\Users\quizz\.m2\repository\org\apache\httpcomponents\httpcore\4.4.16\httpcore-4.4.16.jar;C:\Users\quizz\.m2\repository\commons-codec\commons-codec\1.15\commons-codec-1.15.jar;C:\Users\quizz\.m2\repository\com\vaadin\flow-push\23.2.6\flow-push-23.2.6.jar;C:\Users\quizz\.m2\repository\com\vaadin\external\atmosphere\atmosphere-runtime\2.7.3.slf4jvaadin4\atmosphere-runtime-2.7.3.slf4jvaadin4.jar;C:\Users\quizz\.m2\repository\com\vaadin\flow-client\23.2.6\flow-client-23.2.6.jar;C:\Users\quizz\.m2\repository\org\springframework\spring-websocket\5.3.28\spring-websocket-5.3.28.jar;C:\Users\quizz\.m2\repository\org\hibernate\validator\hibernate-validator\6.2.5.Final\hibernate-validator-6.2.5.Final.jar;C:\Users\quizz\.m2\repository\jakarta\validation\jakarta.validation-api\2.0.2\jakarta.validation-api-2.0.2.jar;C:\Users\quizz\.m2\repository\org\jboss\logging\jboss-logging\3.4.3.Final\jboss-logging-3.4.3.Final.jar;C:\Users\quizz\.m2\repository\com\fasterxml\classmate\1.5.1\classmate-1.5.1.jar;C:\Users\quizz\.m2\repository\com\vaadin\vaadin-core\23.2.7\vaadin-core-23.2.7.jar;C:\Users\quizz\.m2\repository\com\vaadin\vaadin-dev-server\23.2.6\vaadin-dev-server-23.2.6.jar;C:\Users\quizz\.m2\repository\com\vaadin\license-checker\1.10.1\license-checker-1.10.1.jar;C:\Users\quizz\.m2\repository\com\github\oshi\oshi-core\6.1.6\oshi-core-6.1.6.jar;C:\Users\quizz\.m2\repository\net\java\dev\jna\jna\5.11.0\jna-5.11.0.jar;C:\Users\quizz\.m2\repository\net\java\dev\jna\jna-platform\5.11.0\jna-platform-5.11.0.jar;C:\Users\quizz\.m2\repository\com\nimbusds\nimbus-jose-jwt\9.23\nimbus-jose-jwt-9.23.jar;C:\Users\quizz\.m2\repository\org\lucee\jcip-annotations\1.0.0\jcip-annotations-1.0.0.jar;C:\Users\quizz\.m2\repository\com\vaadin\flow-lit-template\23.2.6\flow-lit-template-23.2.6.jar;C:\Users\quizz\.m2\repository\com\vaadin\flow-polymer-template\23.2.6\flow-polymer-template-23.2.6.jar;C:\Users\quizz\.m2\repository\com\vaadin\flow-html-components\23.2.6\flow-html-components-23.2.6.jar;C:\Users\quizz\.m2\repository\com\vaadin\flow-data\23.2.6\flow-data-23.2.6.jar;C:\Users\quizz\.m2\repository\javax\validation\validation-api\2.0.1.Final\validation-api-2.0.1.Final.jar;C:\Users\quizz\.m2\repository\com\vaadin\flow-dnd\23.2.6\flow-dnd-23.2.6.jar;C:\Users\quizz\.m2\repository\org\webjars\npm\vaadin__vaadin-mobile-drag-drop\1.0.1\vaadin__vaadin-mobile-drag-drop-1.0.1.jar;C:\Users\quizz\.m2\repository\org\webjars\npm\mobile-drag-drop\2.3.0-rc.2\mobile-drag-drop-2.3.0-rc.2.jar;C:\Users\quizz\.m2\repository\com\vaadin\vaadin-lumo-theme\23.2.7\vaadin-lumo-theme-23.2.7.jar;C:\Users\quizz\.m2\repository\com\vaadin\vaadin-material-theme\23.2.7\vaadin-material-theme-23.2.7.jar;C:\Users\quizz\.m2\repository\com\vaadin\vaadin-accordion-flow\23.2.7\vaadin-accordion-flow-23.2.7.jar;C:\Users\quizz\.m2\repository\com\vaadin\vaadin-avatar-flow\23.2.7\vaadin-avatar-flow-23.2.7.jar;C:\Users\quizz\.m2\repository\com\vaadin\vaadin-flow-components-base\23.2.7\vaadin-flow-components-base-23.2.7.jar;C:\Users\quizz\.m2\repository\com\vaadin\vaadin-button-flow\23.2.7\vaadin-button-flow-23.2.7.jar;C:\Users\quizz\.m2\repository\com\vaadin\vaadin-checkbox-flow\23.2.7\vaadin-checkbox-flow-23.2.7.jar;C:\Users\quizz\.m2\repository\com\vaadin\vaadin-combo-box-flow\23.2.7\vaadin-combo-box-flow-23.2.7.jar;C:\Users\quizz\.m2\repository\com\vaadin\vaadin-confirm-dialog-flow\23.2.7\vaadin-confirm-dialog-flow-23.2.7.jar;C:\Users\quizz\.m2\repository\com\vaadin\vaadin-custom-field-flow\23.2.7\vaadin-custom-field-flow-23.2.7.jar;C:\Users\quizz\.m2\repository\com\vaadin\vaadin-date-picker-flow\23.2.7\vaadin-date-picker-flow-23.2.7.jar;C:\Users\quizz\.m2\repository\com\vaadin\vaadin-date-time-picker-flow\23.2.7\vaadin-date-time-picker-flow-23.2.7.jar;C:\Users\quizz\.m2\repository\com\vaadin\vaadin-details-flow\23.2.7\vaadin-details-flow-23.2.7.jar;C:\Users\quizz\.m2\repository\com\vaadin\vaadin-time-picker-flow\23.2.7\vaadin-time-picker-flow-23.2.7.jar;C:\Users\quizz\.m2\repository\com\vaadin\vaadin-select-flow\23.2.7\vaadin-select-flow-23.2.7.jar;C:\Users\quizz\.m2\repository\com\vaadin\vaadin-dialog-flow\23.2.7\vaadin-dialog-flow-23.2.7.jar;C:\Users\quizz\.m2\repository\com\vaadin\vaadin-form-layout-flow\23.2.7\vaadin-form-layout-flow-23.2.7.jar;C:\Users\quizz\.m2\repository\com\vaadin\vaadin-field-highlighter-flow\23.2.7\vaadin-field-highlighter-flow-23.2.7.jar;C:\Users\quizz\.m2\repository\com\vaadin\vaadin-grid-flow\23.2.7\vaadin-grid-flow-23.2.7.jar;C:\Users\quizz\.m2\repository\com\vaadin\vaadin-icons-flow\23.2.7\vaadin-icons-flow-23.2.7.jar;C:\Users\quizz\.m2\repository\com\vaadin\vaadin-iron-list-flow\23.2.7\vaadin-iron-list-flow-23.2.7.jar;C:\Users\quizz\.m2\repository\com\vaadin\vaadin-virtual-list-flow\23.2.7\vaadin-virtual-list-flow-23.2.7.jar;C:\Users\quizz\.m2\repository\com\vaadin\vaadin-list-box-flow\23.2.7\vaadin-list-box-flow-23.2.7.jar;C:\Users\quizz\.m2\repository\com\vaadin\vaadin-login-flow\23.2.7\vaadin-login-flow-23.2.7.jar;C:\Users\quizz\.m2\repository\com\vaadin\vaadin-messages-flow\23.2.7\vaadin-messages-flow-23.2.7.jar;C:\Users\quizz\.m2\repository\com\vaadin\vaadin-ordered-layout-flow\23.2.7\vaadin-ordered-layout-flow-23.2.7.jar;C:\Users\quizz\.m2\repository\com\vaadin\vaadin-progress-bar-flow\23.2.7\vaadin-progress-bar-flow-23.2.7.jar;C:\Users\quizz\.m2\repository\com\vaadin\vaadin-radio-button-flow\23.2.7\vaadin-radio-button-flow-23.2.7.jar;C:\Users\quizz\.m2\repository\com\vaadin\vaadin-renderer-flow\23.2.7\vaadin-renderer-flow-23.2.7.jar;C:\Users\quizz\.m2\repository\com\vaadin\vaadin-split-layout-flow\23.2.7\vaadin-split-layout-flow-23.2.7.jar;C:\Users\quizz\.m2\repository\com\vaadin\vaadin-tabs-flow\23.2.7\vaadin-tabs-flow-23.2.7.jar;C:\Users\quizz\.m2\repository\com\vaadin\vaadin-text-field-flow\23.2.7\vaadin-text-field-flow-23.2.7.jar;C:\Users\quizz\.m2\repository\com\vaadin\vaadin-upload-flow\23.2.7\vaadin-upload-flow-23.2.7.jar;C:\Users\quizz\.m2\repository\com\vaadin\vaadin-notification-flow\23.2.7\vaadin-notification-flow-23.2.7.jar;C:\Users\quizz\.m2\repository\com\vaadin\vaadin-app-layout-flow\23.2.7\vaadin-app-layout-flow-23.2.7.jar;C:\Users\quizz\.m2\repository\com\vaadin\vaadin-context-menu-flow\23.2.7\vaadin-context-menu-flow-23.2.7.jar;C:\Users\quizz\.m2\repository\com\vaadin\vaadin-menu-bar-flow\23.2.7\vaadin-menu-bar-flow-23.2.7.jar;C:\Users\quizz\.m2\repository\org\springframework\boot\spring-boot-starter-tomcat\2.7.13\spring-boot-starter-tomcat-2.7.13.jar;C:\Users\quizz\.m2\repository\jakarta\annotation\jakarta.annotation-api\1.3.5\jakarta.annotation-api-1.3.5.jar;C:\Users\quizz\.m2\repository\org\apache\tomcat\embed\tomcat-embed-core\9.0.76\tomcat-embed-core-9.0.76.jar;C:\Users\quizz\.m2\repository\org\apache\tomcat\embed\tomcat-embed-el\9.0.76\tomcat-embed-el-9.0.76.jar;C:\Users\quizz\.m2\repository\org\apache\tomcat\embed\tomcat-embed-websocket\9.0.76\tomcat-embed-websocket-9.0.76.jar;C:\Users\quizz\.m2\repository\org\springframework\boot\spring-boot-starter-test\2.7.13\spring-boot-starter-test-2.7.13.jar;C:\Users\quizz\.m2\repository\org\springframework\boot\spring-boot-test\2.7.13\spring-boot-test-2.7.13.jar;C:\Users\quizz\.m2\repository\org\springframework\boot\spring-boot-test-autoconfigure\2.7.13\spring-boot-test-autoconfigure-2.7.13.jar;C:\Users\quizz\.m2\repository\com\jayway\jsonpath\json-path\2.7.0\json-path-2.7.0.jar;C:\Users\quizz\.m2\repository\net\minidev\json-smart\2.4.11\json-smart-2.4.11.jar;C:\Users\quizz\.m2\repository\net\minidev\accessors-smart\2.4.11\accessors-smart-2.4.11.jar;C:\Users\quizz\.m2\repository\org\ow2\asm\asm\9.3\asm-9.3.jar;C:\Users\quizz\.m2\repository\org\slf4j\slf4j-api\1.7.36\slf4j-api-1.7.36.jar;C:\Users\quizz\.m2\repository\jakarta\xml\bind\jakarta.xml.bind-api\2.3.3\jakarta.xml.bind-api-2.3.3.jar;C:\Users\quizz\.m2\repository\jakarta\activation\jakarta.activation-api\1.2.2\jakarta.activation-api-1.2.2.jar;C:\Users\quizz\.m2\repository\org\assertj\assertj-core\3.22.0\assertj-core-3.22.0.jar;C:\Users\quizz\.m2\repository\org\hamcrest\hamcrest\2.2\hamcrest-2.2.jar;C:\Users\quizz\.m2\repository\org\junit\jupiter\junit-jupiter\5.8.2\junit-jupiter-5.8.2.jar;C:\Users\quizz\.m2\repository\org\junit\jupiter\junit-jupiter-api\5.8.2\junit-jupiter-api-5.8.2.jar;C:\Users\quizz\.m2\repository\org\opentest4j\opentest4j\1.2.0\opentest4j-1.2.0.jar;C:\Users\quizz\.m2\repository\org\junit\platform\junit-platform-commons\1.8.2\junit-platform-commons-1.8.2.jar;C:\Users\quizz\.m2\repository\org\apiguardian\apiguardian-api\1.1.2\apiguardian-api-1.1.2.jar;C:\Users\quizz\.m2\repository\org\junit\jupiter\junit-jupiter-params\5.8.2\junit-jupiter-params-5.8.2.jar;C:\Users\quizz\.m2\repository\org\junit\jupiter\junit-jupiter-engine\5.8.2\junit-jupiter-engine-5.8.2.jar;C:\Users\quizz\.m2\repository\org\junit\platform\junit-platform-engine\1.8.2\junit-platform-engine-1.8.2.jar;C:\Users\quizz\.m2\repository\org\mockito\mockito-core\4.5.1\mockito-core-4.5.1.jar;C:\Users\quizz\.m2\repository\net\bytebuddy\byte-buddy\1.12.23\byte-buddy-1.12.23.jar;C:\Users\quizz\.m2\repository\net\bytebuddy\byte-buddy-agent\1.12.23\byte-buddy-agent-1.12.23.jar;C:\Users\quizz\.m2\repository\org\objenesis\objenesis\3.2\objenesis-3.2.jar;C:\Users\quizz\.m2\repository\org\mockito\mockito-junit-jupiter\4.5.1\mockito-junit-jupiter-4.5.1.jar;C:\Users\quizz\.m2\repository\org\skyscreamer\jsonassert\1.5.1\jsonassert-1.5.1.jar;C:\Users\quizz\.m2\repository\com\vaadin\external\google\android-json\0.0.20131108.vaadin1\android-json-0.0.20131108.vaadin1.jar;C:\Users\quizz\.m2\repository\org\springframework\spring-core\5.3.28\spring-core-5.3.28.jar;C:\Users\quizz\.m2\repository\org\springframework\spring-jcl\5.3.28\spring-jcl-5.3.28.jar;C:\Users\quizz\.m2\repository\org\springframework\spring-test\5.3.28\spring-test-5.3.28.jar;C:\Users\quizz\.m2\repository\org\xmlunit\xmlunit-core\2.9.1\xmlunit-core-2.9.1.jar;C:\Users\quizz\.m2\repository\org\matheclipse\matheclipse-core\3.0.0\matheclipse-core-3.0.0.jar;C:\Users\quizz\.m2\repository\org\matheclipse\matheclipse-external\3.0.0\matheclipse-external-3.0.0.jar;C:\Users\quizz\.m2\repository\com\google\guava\guava\32.1.3-jre\guava-32.1.3-jre.jar;C:\Users\quizz\.m2\repository\com\google\guava\failureaccess\1.0.1\failureaccess-1.0.1.jar;C:\Users\quizz\.m2\repository\com\google\guava\listenablefuture\9999.0-empty-to-avoid-conflict-with-guava\listenablefuture-9999.0-empty-to-avoid-conflict-with-guava.jar;C:\Users\quizz\.m2\repository\com\google\code\findbugs\jsr305\3.0.2\jsr305-3.0.2.jar;C:\Users\quizz\.m2\repository\org\checkerframework\checker-qual\3.37.0\checker-qual-3.37.0.jar;C:\Users\quizz\.m2\repository\com\google\errorprone\error_prone_annotations\2.21.1\error_prone_annotations-2.21.1.jar;C:\Users\quizz\.m2\repository\com\google\j2objc\j2objc-annotations\2.8\j2objc-annotations-2.8.jar;C:\Users\quizz\.m2\repository\io\pebbletemplates\pebble\3.2.1\pebble-3.2.1.jar;C:\Users\quizz\.m2\repository\org\unbescape\unbescape\1.1.6.RELEASE\unbescape-1.1.6.RELEASE.jar;C:\Users\quizz\.m2\repository\de\uni-mannheim\rz\krum\jas\2.7.200\jas-2.7.200.jar;C:\Users\quizz\.m2\repository\org\apfloat\apfloat\1.12.0\apfloat-1.12.0.jar;C:\Users\quizz\.m2\repository\org\hipparchus\hipparchus-clustering\3.0\hipparchus-clustering-3.0.jar;C:\Users\quizz\.m2\repository\org\hipparchus\hipparchus-core\3.0\hipparchus-core-3.0.jar;C:\Users\quizz\.m2\repository\org\hipparchus\hipparchus-stat\3.0\hipparchus-stat-3.0.jar;C:\Users\quizz\.m2\repository\org\hipparchus\hipparchus-fft\3.0\hipparchus-fft-3.0.jar;C:\Users\quizz\.m2\repository\org\hipparchus\hipparchus-fitting\3.0\hipparchus-fitting-3.0.jar;C:\Users\quizz\.m2\repository\org\hipparchus\hipparchus-ode\3.0\hipparchus-ode-3.0.jar;C:\Users\quizz\.m2\repository\org\hipparchus\hipparchus-optim\3.0\hipparchus-optim-3.0.jar;C:\Users\quizz\.m2\repository\org\jgrapht\jgrapht-io\1.5.2\jgrapht-io-1.5.2.jar;C:\Users\quizz\.m2\repository\org\jgrapht\jgrapht-core\1.5.2\jgrapht-core-1.5.2.jar;C:\Users\quizz\.m2\repository\org\jheaps\jheaps\0.14\jheaps-0.14.jar;C:\Users\quizz\.m2\repository\org\antlr\antlr4-runtime\4.12.0\antlr4-runtime-4.12.0.jar;C:\Users\quizz\.m2\repository\org\apache\commons\commons-text\1.10.0\commons-text-1.10.0.jar;C:\Users\quizz\.m2\repository\org\apache\commons\commons-lang3\3.12.0\commons-lang3-3.12.0.jar;C:\Users\quizz\.m2\repository\org\apache\commons\commons-csv\1.10.0\commons-csv-1.10.0.jar;C:\Users\quizz\.m2\repository\org\logicng\logicng-j11\2.4.2\logicng-j11-2.4.2.jar;C:\Users\quizz\.m2\repository\org\gavaghan\geodesy\1.1.3\geodesy-1.1.3.jar;C:\Users\quizz\.m2\repository\it\unimi\dsi\fastutil-core\8.5.12\fastutil-core-8.5.12.jar;C:\Users\quizz\.m2\repository\org\codehaus\janino\janino\3.1.9\janino-3.1.9.jar;C:\Users\quizz\.m2\repository\org\codehaus\janino\commons-compiler\3.1.9\commons-compiler-3.1.9.jar;C:\Users\quizz\.m2\repository\com\univocity\univocity-parsers\2.9.1\univocity-parsers-2.9.1.jar;C:\Users\quizz\.m2\repository\org\organicdesign\Paguro\3.10.3\Paguro-3.10.3.jar;C:\Users\quizz\.m2\repository\org\jetbrains\annotations\23.0.0\annotations-23.0.0.jar;C:\Users\quizz\.m2\repository\org\choco-solver\choco-solver\4.10.14\choco-solver-4.10.14.jar;C:\Users\quizz\.m2\repository\dk\brics\automaton\automaton\1.11-8\automaton-1.11-8.jar;C:\Users\quizz\.m2\repository\org\knowm\xchart\xchart\3.8.3\xchart-3.8.3.jar;C:\Users\quizz\.m2\repository\de\erichseifert\vectorgraphics2d\VectorGraphics2D\0.13\VectorGraphics2D-0.13.jar;C:\Users\quizz\.m2\repository\de\rototor\pdfbox\graphics2d\0.41\graphics2d-0.41.jar;C:\Users\quizz\.m2\repository\org\apache\pdfbox\pdfbox\2.0.26\pdfbox-2.0.26.jar;C:\Users\quizz\.m2\repository\org\apache\pdfbox\fontbox\2.0.26\fontbox-2.0.26.jar;C:\Users\quizz\.m2\repository\commons-logging\commons-logging\1.2\commons-logging-1.2.jar;C:\Users\quizz\.m2\repository\com\madgag\animated-gif-lib\1.4\animated-gif-lib-1.4.jar;C:\Users\quizz\.m2\repository\org\ehcache\sizeof\0.4.3\sizeof-0.4.3.jar;C:\Users\quizz\.m2\repository\net\sf\trove4j\trove4j\3.0.3\trove4j-3.0.3.jar;C:\Users\quizz\.m2\repository\com\esotericsoftware\kryo\5.5.0\kryo-5.5.0.jar;C:\Users\quizz\.m2\repository\com\esotericsoftware\reflectasm\1.11.9\reflectasm-1.11.9.jar;C:\Users\quizz\.m2\repository\com\esotericsoftware\minlog\1.3.1\minlog-1.3.1.jar;C:\Users\quizz\.m2\repository\com\github\freva\ascii-table\1.8.0\ascii-table-1.8.0.jar;C:\Users\quizz\.m2\repository\de\labathome\AdaptiveQuadrature\1.0.2\AdaptiveQuadrature-1.0.2.jar;C:\Users\quizz\.m2\repository\org\apache\logging\log4j\log4j-api\2.17.2\log4j-api-2.17.2.jar;C:\Users\quizz\.m2\repository\org\matheclipse\matheclipse-parser\3.0.0\matheclipse-parser-3.0.0.jar;"/>
    <property name="sun.cpu.endian" value="little"/>
    <property name="user.home" value="C:\Users\quizz"/>
    <property name="user.language" value="en"/>
    <property name="java.specification.vendor" value="Oracle Corporation"/>
    <property name="java.version.date" value="2024-07-16"/>
    <property name="java.home" value="C:\java\jdk17"/>
    <property name="file.separator" value="\"/>
    <property name="basedir" value="C:\Users\quizz\Documents\GitHub\algebrator-repo1a"/>
    <property name="java.vm.compressedOopsMode" value="32-bit"/>
    <property name="line.separator" value="&#10;"/>
    <property name="java.vm.specification.vendor" value="Oracle Corporation"/>
    <property name="java.specification.name" value="Java Platform API Specification"/>
    <property name="surefire.real.class.path" value="C:\Users\quizz\AppData\Local\Temp\surefire8509053842023868038\surefirebooter1909306871452870846.jar"/>
    <property name="user.script" value=""/>
    <property name="sun.management.compiler" value="HotSpot 64-Bit Tiered Compilers"/>
    <property name="java.runtime.version" value="17.0.12+8-LTS-286"/>
    <property name="user.name" value="quizz"/>
    <property name="path.separator" value=";"/>
    <property name="os.version" value="10.0"/>
    <property name="java.runtime.name" value="Java(TM) SE Runtime Environment"/>
    <property name="file.encoding" value="Cp1252"/>
    <property name="java.vm.name" value="Java HotSpot(TM) 64-Bit Server VM"/>
    <property name="localRepository" value="C:\Users\quizz\.m2\repository"/>
    <property name="java.vendor.url.bug" value="https://bugreport.java.com/bugreport/"/>
    <property name="java.io.tmpdir" value="C:\Users\quizz\AppData\Local\Temp\"/>
    <property name="java.version" value="17.0.12"/>
    <property name="user.dir" value="C:\Users\quizz\Documents\GitHub\algebrator-repo1a"/>
    <property name="os.arch" value="amd64"/>
    <property name="java.vm.specification.name" value="Java Virtual Machine Specification"/>
    <property name="sun.os.patch.level" value=""/>
    <property name="native.encoding" value="Cp1252"/>
    <property name="java.library.path" value="C:\java\jdk17\bin;C:\WINDOWS\Sun\Java\bin;C:\WINDOWS\system32;C:\WINDOWS;C:\Program Files\Common Files\Oracle\Java\javapath;C:\WINDOWS\system32;C:\WINDOWS;C:\WINDOWS\System32\Wbem;C:\WINDOWS\System32\WindowsPowerShell\v1.0\;C:\java\jdk17\bin;C:\Program Files\TortoiseGit\bin;C:\WINDOWS\System32\OpenSSH\;C:\Maven\apache-maven-3.9.5\bin;C:\Program Files\heroku\bin;C:\Users\quizz\AppData\Local\Microsoft\WindowsApps;C:\Users\quizz\AppData\Local\Programs\Git\cmd;C:\Users\quizz\AppData\Local\GitHubDesktop\bin;;C:\Users\quizz\AppData\Local\JetBrains\Toolbox\scripts;."/>
    <property name="java.vm.info" value="mixed mode, sharing"/>
    <property name="java.vendor" value="Oracle Corporation"/>
    <property name="java.vm.version" value="17.0.12+8-LTS-286"/>
    <property name="sun.io.unicode.encoding" value="UnicodeLittle"/>
    <property name="java.class.version" value="61.0"/>
  </properties>
  <testcase name="contextLoads" classname="com.quizlabs.algebrator.AlgebratorApplicationTests" time="0.726"/>
</testsuite>