<?xml version="1.0" encoding="UTF-8"?>
<testsuite xmlns:xsi="http://www.w3.org/2001/XMLSchema-instance" xsi:noNamespaceSchemaLocation="https://maven.apache.org/surefire/maven-surefire-plugin/xsd/surefire-test-report.xsd" version="3.0.2" name="com.quizlabs.algebrator.AlgebratorApplicationTests" time="10.426" tests="1" errors="0" skipped="0" failures="0">
  <properties>
    <property name="java.specification.version" value="17"/>
    <property name="sun.cpu.isalist" value="amd64"/>
    <property name="sun.jnu.encoding" value="Cp1252"/>
    <property name="java.class.path" value="C:\Users\quizz\Documents\GitHub\QuizProjs\algebrator\target\test-classes;C:\Users\quizz\Documents\GitHub\QuizProjs\algebrator\target\classes;C:\Users\quizz\.m2\repository\org\springframework\boot\spring-boot-starter-web\3.4.1\spring-boot-starter-web-3.4.1.jar;C:\Users\quizz\.m2\repository\org\springframework\boot\spring-boot-starter\3.4.1\spring-boot-starter-3.4.1.jar;C:\Users\quizz\.m2\repository\org\springframework\boot\spring-boot\3.4.1\spring-boot-3.4.1.jar;C:\Users\quizz\.m2\repository\org\springframework\boot\spring-boot-autoconfigure\3.4.1\spring-boot-autoconfigure-3.4.1.jar;C:\Users\quizz\.m2\repository\org\springframework\boot\spring-boot-starter-logging\3.4.1\spring-boot-starter-logging-3.4.1.jar;C:\Users\quizz\.m2\repository\ch\qos\logback\logback-classic\1.5.12\logback-classic-1.5.12.jar;C:\Users\quizz\.m2\repository\ch\qos\logback\logback-core\1.5.12\logback-core-1.5.12.jar;C:\Users\quizz\.m2\repository\org\apache\logging\log4j\log4j-to-slf4j\2.24.3\log4j-to-slf4j-2.24.3.jar;C:\Users\quizz\.m2\repository\org\slf4j\jul-to-slf4j\2.0.16\jul-to-slf4j-2.0.16.jar;C:\Users\quizz\.m2\repository\org\yaml\snakeyaml\2.3\snakeyaml-2.3.jar;C:\Users\quizz\.m2\repository\org\springframework\boot\spring-boot-starter-json\3.4.1\spring-boot-starter-json-3.4.1.jar;C:\Users\quizz\.m2\repository\com\fasterxml\jackson\core\jackson-databind\2.18.2\jackson-databind-2.18.2.jar;C:\Users\quizz\.m2\repository\com\fasterxml\jackson\core\jackson-annotations\2.18.2\jackson-annotations-2.18.2.jar;C:\Users\quizz\.m2\repository\com\fasterxml\jackson\core\jackson-core\2.18.2\jackson-core-2.18.2.jar;C:\Users\quizz\.m2\repository\com\fasterxml\jackson\datatype\jackson-datatype-jdk8\2.18.2\jackson-datatype-jdk8-2.18.2.jar;C:\Users\quizz\.m2\repository\com\fasterxml\jackson\datatype\jackson-datatype-jsr310\2.18.2\jackson-datatype-jsr310-2.18.2.jar;C:\Users\quizz\.m2\repository\com\fasterxml\jackson\module\jackson-module-parameter-names\2.18.2\jackson-module-parameter-names-2.18.2.jar;C:\Users\quizz\.m2\repository\org\springframework\spring-web\6.2.1\spring-web-6.2.1.jar;C:\Users\quizz\.m2\repository\org\springframework\spring-beans\6.2.1\spring-beans-6.2.1.jar;C:\Users\quizz\.m2\repository\io\micrometer\micrometer-observation\1.14.2\micrometer-observation-1.14.2.jar;C:\Users\quizz\.m2\repository\io\micrometer\micrometer-commons\1.14.2\micrometer-commons-1.14.2.jar;C:\Users\quizz\.m2\repository\org\springframework\spring-webmvc\6.2.1\spring-webmvc-6.2.1.jar;C:\Users\quizz\.m2\repository\org\springframework\spring-aop\6.2.1\spring-aop-6.2.1.jar;C:\Users\quizz\.m2\repository\org\springframework\spring-context\6.2.1\spring-context-6.2.1.jar;C:\Users\quizz\.m2\repository\org\springframework\spring-expression\6.2.1\spring-expression-6.2.1.jar;C:\Users\quizz\.m2\repository\com\vaadin\vaadin-spring-boot-starter\24.6.2\vaadin-spring-boot-starter-24.6.2.jar;C:\Users\quizz\.m2\repository\com\vaadin\vaadin-spring\24.6.2\vaadin-spring-24.6.2.jar;C:\Users\quizz\.m2\repository\com\vaadin\flow-server\24.6.2\flow-server-24.6.2.jar;C:\Users\quizz\.m2\repository\com\vaadin\servletdetector\throw-if-servlet3\1.0.2\throw-if-servlet3-1.0.2.jar;C:\Users\quizz\.m2\repository\com\vaadin\external\gwt\gwt-elemental\2.8.2.vaadin2\gwt-elemental-2.8.2.vaadin2.jar;C:\Users\quizz\.m2\repository\org\apache\commons\commons-fileupload2-jakarta\2.0.0-M1\commons-fileupload2-jakarta-2.0.0-M1.jar;C:\Users\quizz\.m2\repository\org\apache\commons\commons-fileupload2-core\2.0.0-M1\commons-fileupload2-core-2.0.0-M1.jar;C:\Users\quizz\.m2\repository\commons-io\commons-io\2.18.0\commons-io-2.18.0.jar;C:\Users\quizz\.m2\repository\org\jsoup\jsoup\1.18.1\jsoup-1.18.1.jar;C:\Users\quizz\.m2\repository\com\helger\ph-css\7.0.3\ph-css-7.0.3.jar;C:\Users\quizz\.m2\repository\com\helger\commons\ph-commons\11.1.8\ph-commons-11.1.8.jar;C:\Users\quizz\.m2\repository\org\ow2\asm\asm\9.7.1\asm-9.7.1.jar;C:\Users\quizz\.m2\repository\com\vaadin\external\gentyref\1.2.0.vaadin1\gentyref-1.2.0.vaadin1.jar;C:\Users\quizz\.m2\repository\org\apache\commons\commons-compress\1.27.1\commons-compress-1.27.1.jar;C:\Users\quizz\.m2\repository\commons-codec\commons-codec\1.17.1\commons-codec-1.17.1.jar;C:\Users\quizz\.m2\repository\com\vaadin\flow-push\24.6.2\flow-push-24.6.2.jar;C:\Users\quizz\.m2\repository\com\vaadin\external\atmosphere\atmosphere-runtime\3.0.5.slf4jvaadin1\atmosphere-runtime-3.0.5.slf4jvaadin1.jar;C:\Users\quizz\.m2\repository\com\vaadin\flow-client\24.6.2\flow-client-24.6.2.jar;C:\Users\quizz\.m2\repository\org\springframework\spring-websocket\6.2.1\spring-websocket-6.2.1.jar;C:\Users\quizz\.m2\repository\org\hibernate\validator\hibernate-validator\8.0.2.Final\hibernate-validator-8.0.2.Final.jar;C:\Users\quizz\.m2\repository\jakarta\validation\jakarta.validation-api\3.0.2\jakarta.validation-api-3.0.2.jar;C:\Users\quizz\.m2\repository\org\jboss\logging\jboss-logging\3.6.1.Final\jboss-logging-3.6.1.Final.jar;C:\Users\quizz\.m2\repository\com\fasterxml\classmate\1.7.0\classmate-1.7.0.jar;C:\Users\quizz\.m2\repository\org\reflections\reflections\0.10.2\reflections-0.10.2.jar;C:\Users\quizz\.m2\repository\com\google\code\findbugs\jsr305\3.0.2\jsr305-3.0.2.jar;C:\Users\quizz\.m2\repository\org\javassist\javassist\3.30.2-GA\javassist-3.30.2-GA.jar;C:\Users\quizz\.m2\repository\com\vaadin\vaadin-core\24.6.2\vaadin-core-24.6.2.jar;C:\Users\quizz\.m2\repository\com\vaadin\vaadin-core-internal\24.6.2\vaadin-core-internal-24.6.2.jar;C:\Users\quizz\.m2\repository\com\vaadin\flow-lit-template\24.6.2\flow-lit-template-24.6.2.jar;C:\Users\quizz\.m2\repository\com\vaadin\flow-react\24.6.2\flow-react-24.6.2.jar;C:\Users\quizz\.m2\repository\com\vaadin\flow-html-components\24.6.2\flow-html-components-24.6.2.jar;C:\Users\quizz\.m2\repository\com\vaadin\flow-data\24.6.2\flow-data-24.6.2.jar;C:\Users\quizz\.m2\repository\com\vaadin\flow-dnd\24.6.2\flow-dnd-24.6.2.jar;C:\Users\quizz\.m2\repository\com\vaadin\vaadin-lumo-theme\24.6.2\vaadin-lumo-theme-24.6.2.jar;C:\Users\quizz\.m2\repository\com\vaadin\vaadin-icons-flow\24.6.2\vaadin-icons-flow-24.6.2.jar;C:\Users\quizz\.m2\repository\com\vaadin\vaadin-flow-components-base\24.6.2\vaadin-flow-components-base-24.6.2.jar;C:\Users\quizz\.m2\repository\com\vaadin\vaadin-material-theme\24.6.2\vaadin-material-theme-24.6.2.jar;C:\Users\quizz\.m2\repository\com\vaadin\vaadin-core-components\24.6.2\vaadin-core-components-24.6.2.jar;C:\Users\quizz\.m2\repository\com\vaadin\vaadin-accordion-flow\24.6.2\vaadin-accordion-flow-24.6.2.jar;C:\Users\quizz\.m2\repository\com\vaadin\vaadin-avatar-flow\24.6.2\vaadin-avatar-flow-24.6.2.jar;C:\Users\quizz\.m2\repository\com\vaadin\vaadin-button-flow\24.6.2\vaadin-button-flow-24.6.2.jar;C:\Users\quizz\.m2\repository\com\vaadin\vaadin-checkbox-flow\24.6.2\vaadin-checkbox-flow-24.6.2.jar;C:\Users\quizz\.m2\repository\com\vaadin\vaadin-combo-box-flow\24.6.2\vaadin-combo-box-flow-24.6.2.jar;C:\Users\quizz\.m2\repository\com\vaadin\vaadin-confirm-dialog-flow\24.6.2\vaadin-confirm-dialog-flow-24.6.2.jar;C:\Users\quizz\.m2\repository\com\vaadin\vaadin-custom-field-flow\24.6.2\vaadin-custom-field-flow-24.6.2.jar;C:\Users\quizz\.m2\repository\com\vaadin\vaadin-date-picker-flow\24.6.2\vaadin-date-picker-flow-24.6.2.jar;C:\Users\quizz\.m2\repository\com\vaadin\vaadin-date-time-picker-flow\24.6.2\vaadin-date-time-picker-flow-24.6.2.jar;C:\Users\quizz\.m2\repository\com\vaadin\vaadin-details-flow\24.6.2\vaadin-details-flow-24.6.2.jar;C:\Users\quizz\.m2\repository\com\vaadin\vaadin-time-picker-flow\24.6.2\vaadin-time-picker-flow-24.6.2.jar;C:\Users\quizz\.m2\repository\com\vaadin\vaadin-select-flow\24.6.2\vaadin-select-flow-24.6.2.jar;C:\Users\quizz\.m2\repository\com\vaadin\vaadin-side-nav-flow\24.6.2\vaadin-side-nav-flow-24.6.2.jar;C:\Users\quizz\.m2\repository\com\vaadin\vaadin-dialog-flow\24.6.2\vaadin-dialog-flow-24.6.2.jar;C:\Users\quizz\.m2\repository\com\vaadin\vaadin-form-layout-flow\24.6.2\vaadin-form-layout-flow-24.6.2.jar;C:\Users\quizz\.m2\repository\com\vaadin\vaadin-field-highlighter-flow\24.6.2\vaadin-field-highlighter-flow-24.6.2.jar;C:\Users\quizz\.m2\repository\com\vaadin\vaadin-grid-flow\24.6.2\vaadin-grid-flow-24.6.2.jar;C:\Users\quizz\.m2\repository\com\vaadin\vaadin-virtual-list-flow\24.6.2\vaadin-virtual-list-flow-24.6.2.jar;C:\Users\quizz\.m2\repository\com\vaadin\vaadin-list-box-flow\24.6.2\vaadin-list-box-flow-24.6.2.jar;C:\Users\quizz\.m2\repository\com\vaadin\vaadin-login-flow\24.6.2\vaadin-login-flow-24.6.2.jar;C:\Users\quizz\.m2\repository\com\vaadin\vaadin-messages-flow\24.6.2\vaadin-messages-flow-24.6.2.jar;C:\Users\quizz\.m2\repository\com\vaadin\vaadin-ordered-layout-flow\24.6.2\vaadin-ordered-layout-flow-24.6.2.jar;C:\Users\quizz\.m2\repository\com\vaadin\vaadin-progress-bar-flow\24.6.2\vaadin-progress-bar-flow-24.6.2.jar;C:\Users\quizz\.m2\repository\com\vaadin\vaadin-popover-flow\24.6.2\vaadin-popover-flow-24.6.2.jar;C:\Users\quizz\.m2\repository\com\vaadin\vaadin-radio-button-flow\24.6.2\vaadin-radio-button-flow-24.6.2.jar;C:\Users\quizz\.m2\repository\com\vaadin\vaadin-renderer-flow\24.6.2\vaadin-renderer-flow-24.6.2.jar;C:\Users\quizz\.m2\repository\com\vaadin\vaadin-split-layout-flow\24.6.2\vaadin-split-layout-flow-24.6.2.jar;C:\Users\quizz\.m2\repository\com\vaadin\vaadin-tabs-flow\24.6.2\vaadin-tabs-flow-24.6.2.jar;C:\Users\quizz\.m2\repository\com\vaadin\vaadin-text-field-flow\24.6.2\vaadin-text-field-flow-24.6.2.jar;C:\Users\quizz\.m2\repository\com\vaadin\vaadin-upload-flow\24.6.2\vaadin-upload-flow-24.6.2.jar;C:\Users\quizz\.m2\repository\com\vaadin\vaadin-notification-flow\24.6.2\vaadin-notification-flow-24.6.2.jar;C:\Users\quizz\.m2\repository\com\vaadin\vaadin-app-layout-flow\24.6.2\vaadin-app-layout-flow-24.6.2.jar;C:\Users\quizz\.m2\repository\com\vaadin\vaadin-context-menu-flow\24.6.2\vaadin-context-menu-flow-24.6.2.jar;C:\Users\quizz\.m2\repository\com\vaadin\vaadin-menu-bar-flow\24.6.2\vaadin-menu-bar-flow-24.6.2.jar;C:\Users\quizz\.m2\repository\com\vaadin\collaboration-engine\6.4.0\collaboration-engine-6.4.0.jar;C:\Users\quizz\.m2\repository\com\vaadin\vaadin-dev\24.6.2\vaadin-dev-24.6.2.jar;C:\Users\quizz\.m2\repository\com\vaadin\vaadin-dev-server\24.6.2\vaadin-dev-server-24.6.2.jar;C:\Users\quizz\.m2\repository\com\vaadin\license-checker\1.13.3\license-checker-1.13.3.jar;C:\Users\quizz\.m2\repository\com\github\oshi\oshi-core\6.6.5\oshi-core-6.6.5.jar;C:\Users\quizz\.m2\repository\net\java\dev\jna\jna\5.15.0\jna-5.15.0.jar;C:\Users\quizz\.m2\repository\net\java\dev\jna\jna-platform\5.15.0\jna-platform-5.15.0.jar;C:\Users\quizz\.m2\repository\com\nimbusds\nimbus-jose-jwt\9.37.3\nimbus-jose-jwt-9.37.3.jar;C:\Users\quizz\.m2\repository\org\lucee\jcip-annotations\1.0.0\jcip-annotations-1.0.0.jar;C:\Users\quizz\.m2\repository\com\vaadin\open\8.5.0.4\open-8.5.0.4.jar;C:\Users\quizz\.m2\repository\com\github\javaparser\javaparser-core\3.26.2\javaparser-core-3.26.2.jar;C:\Users\quizz\.m2\repository\io\methvin\directory-watcher\0.18.0\directory-watcher-0.18.0.jar;C:\Users\quizz\.m2\repository\com\vaadin\vaadin-dev-bundle\24.6.2\vaadin-dev-bundle-24.6.2.jar;C:\Users\quizz\.m2\repository\com\vaadin\hilla-dev\24.6.2\hilla-dev-24.6.2.jar;C:\Users\quizz\.m2\repository\com\vaadin\copilot\24.6.2\copilot-24.6.2.jar;C:\Users\quizz\.m2\repository\io\projectreactor\netty\reactor-netty\1.2.1\reactor-netty-1.2.1.jar;C:\Users\quizz\.m2\repository\io\projectreactor\netty\reactor-netty-core\1.2.1\reactor-netty-core-1.2.1.jar;C:\Users\quizz\.m2\repository\io\projectreactor\netty\reactor-netty-http\1.2.1\reactor-netty-http-1.2.1.jar;C:\Users\quizz\.m2\repository\io\projectreactor\netty\incubator\reactor-netty-incubator-quic\0.2.1\reactor-netty-incubator-quic-0.2.1.jar;C:\Users\quizz\.m2\repository\io\netty\incubator\netty-incubator-codec-native-quic\0.0.68.Final\netty-incubator-codec-native-quic-0.0.68.Final-linux-x86_64.jar;C:\Users\quizz\.m2\repository\io\netty\incubator\netty-incubator-codec-classes-quic\0.0.68.Final\netty-incubator-codec-classes-quic-0.0.68.Final.jar;C:\Users\quizz\.m2\repository\io\netty\netty-all\4.1.116.Final\netty-all-4.1.116.Final.jar;C:\Users\quizz\.m2\repository\io\netty\netty-codec-haproxy\4.1.116.Final\netty-codec-haproxy-4.1.116.Final.jar;C:\Users\quizz\.m2\repository\io\netty\netty-codec-memcache\4.1.116.Final\netty-codec-memcache-4.1.116.Final.jar;C:\Users\quizz\.m2\repository\io\netty\netty-codec-mqtt\4.1.116.Final\netty-codec-mqtt-4.1.116.Final.jar;C:\Users\quizz\.m2\repository\io\netty\netty-codec-redis\4.1.116.Final\netty-codec-redis-4.1.116.Final.jar;C:\Users\quizz\.m2\repository\io\netty\netty-codec-smtp\4.1.116.Final\netty-codec-smtp-4.1.116.Final.jar;C:\Users\quizz\.m2\repository\io\netty\netty-codec-stomp\4.1.116.Final\netty-codec-stomp-4.1.116.Final.jar;C:\Users\quizz\.m2\repository\io\netty\netty-codec-xml\4.1.116.Final\netty-codec-xml-4.1.116.Final.jar;C:\Users\quizz\.m2\repository\io\netty\netty-handler-ssl-ocsp\4.1.116.Final\netty-handler-ssl-ocsp-4.1.116.Final.jar;C:\Users\quizz\.m2\repository\io\netty\netty-transport-rxtx\4.1.116.Final\netty-transport-rxtx-4.1.116.Final.jar;C:\Users\quizz\.m2\repository\io\netty\netty-transport-sctp\4.1.116.Final\netty-transport-sctp-4.1.116.Final.jar;C:\Users\quizz\.m2\repository\io\netty\netty-transport-udt\4.1.116.Final\netty-transport-udt-4.1.116.Final.jar;C:\Users\quizz\.m2\repository\io\netty\netty-transport-classes-kqueue\4.1.116.Final\netty-transport-classes-kqueue-4.1.116.Final.jar;C:\Users\quizz\.m2\repository\io\netty\netty-transport-native-kqueue\4.1.116.Final\netty-transport-native-kqueue-4.1.116.Final-osx-x86_64.jar;C:\Users\quizz\.m2\repository\io\netty\netty-transport-native-kqueue\4.1.116.Final\netty-transport-native-kqueue-4.1.116.Final-osx-aarch_64.jar;C:\Users\quizz\.m2\repository\org\apache\commons\commons-configuration2\2.11.0\commons-configuration2-2.11.0.jar;C:\Users\quizz\.m2\repository\com\vaadin\ui-tests\1.1.1\ui-tests-1.1.1.jar;C:\Users\quizz\.m2\repository\io\netty\netty-common\4.1.116.Final\netty-common-4.1.116.Final.jar;C:\Users\quizz\.m2\repository\io\netty\netty-buffer\4.1.116.Final\netty-buffer-4.1.116.Final.jar;C:\Users\quizz\.m2\repository\io\netty\netty-codec\4.1.116.Final\netty-codec-4.1.116.Final.jar;C:\Users\quizz\.m2\repository\io\netty\netty-codec-http\4.1.116.Final\netty-codec-http-4.1.116.Final.jar;C:\Users\quizz\.m2\repository\io\netty\netty-codec-http2\4.1.116.Final\netty-codec-http2-4.1.116.Final.jar;C:\Users\quizz\.m2\repository\io\netty\netty-handler-proxy\4.1.116.Final\netty-handler-proxy-4.1.116.Final.jar;C:\Users\quizz\.m2\repository\io\netty\netty-codec-socks\4.1.116.Final\netty-codec-socks-4.1.116.Final.jar;C:\Users\quizz\.m2\repository\io\netty\netty-handler\4.1.116.Final\netty-handler-4.1.116.Final.jar;C:\Users\quizz\.m2\repository\io\netty\netty-transport\4.1.116.Final\netty-transport-4.1.116.Final.jar;C:\Users\quizz\.m2\repository\io\netty\netty-resolver\4.1.116.Final\netty-resolver-4.1.116.Final.jar;C:\Users\quizz\.m2\repository\io\netty\netty-resolver-dns\4.1.116.Final\netty-resolver-dns-4.1.116.Final.jar;C:\Users\quizz\.m2\repository\io\netty\netty-codec-dns\4.1.116.Final\netty-codec-dns-4.1.116.Final.jar;C:\Users\quizz\.m2\repository\io\netty\netty-transport-native-unix-common\4.1.116.Final\netty-transport-native-unix-common-4.1.116.Final.jar;C:\Users\quizz\.m2\repository\io\netty\netty-resolver-dns-native-macos\4.1.116.Final\netty-resolver-dns-native-macos-4.1.116.Final.jar;C:\Users\quizz\.m2\repository\io\netty\netty-resolver-dns-classes-macos\4.1.116.Final\netty-resolver-dns-classes-macos-4.1.116.Final.jar;C:\Users\quizz\.m2\repository\io\netty\netty-transport-native-epoll\4.1.116.Final\netty-transport-native-epoll-4.1.116.Final.jar;C:\Users\quizz\.m2\repository\io\netty\netty-transport-classes-epoll\4.1.116.Final\netty-transport-classes-epoll-4.1.116.Final.jar;C:\Users\quizz\.m2\repository\com\vaadin\hilla\24.6.2\hilla-24.6.2.jar;C:\Users\quizz\.m2\repository\com\vaadin\hilla-endpoint\24.6.2\hilla-endpoint-24.6.2.jar;C:\Users\quizz\.m2\repository\com\vaadin\hilla-engine-core\24.6.2\hilla-engine-core-24.6.2.jar;C:\Users\quizz\.m2\repository\com\vaadin\hilla-parser-jvm-core\24.6.2\hilla-parser-jvm-core-24.6.2.jar;C:\Users\quizz\.m2\repository\io\github\classgraph\classgraph\4.8.179\classgraph-4.8.179.jar;C:\Users\quizz\.m2\repository\com\fasterxml\jackson\dataformat\jackson-dataformat-yaml\2.18.2\jackson-dataformat-yaml-2.18.2.jar;C:\Users\quizz\.m2\repository\com\vaadin\hilla-parser-jvm-plugin-backbone\24.6.2\hilla-parser-jvm-plugin-backbone-24.6.2.jar;C:\Users\quizz\.m2\repository\com\vaadin\hilla-parser-jvm-plugin-nonnull\24.6.2\hilla-parser-jvm-plugin-nonnull-24.6.2.jar;C:\Users\quizz\.m2\repository\com\vaadin\hilla-parser-jvm-plugin-subtypes\24.6.2\hilla-parser-jvm-plugin-subtypes-24.6.2.jar;C:\Users\quizz\.m2\repository\com\vaadin\hilla-parser-jvm-plugin-model\24.6.2\hilla-parser-jvm-plugin-model-24.6.2.jar;C:\Users\quizz\.m2\repository\com\vaadin\hilla-parser-jvm-plugin-transfertypes\24.6.2\hilla-parser-jvm-plugin-transfertypes-24.6.2.jar;C:\Users\quizz\.m2\repository\org\springframework\data\spring-data-commons\3.4.1\spring-data-commons-3.4.1.jar;C:\Users\quizz\.m2\repository\io\projectreactor\reactor-core\3.7.1\reactor-core-3.7.1.jar;C:\Users\quizz\.m2\repository\org\reactivestreams\reactive-streams\1.0.4\reactive-streams-1.0.4.jar;C:\Users\quizz\.m2\repository\org\springframework\security\spring-security-core\6.4.2\spring-security-core-6.4.2.jar;C:\Users\quizz\.m2\repository\org\springframework\security\spring-security-crypto\6.4.2\spring-security-crypto-6.4.2.jar;C:\Users\quizz\.m2\repository\com\github\javaparser\javaparser-symbol-solver-core\3.26.2\javaparser-symbol-solver-core-3.26.2.jar;C:\Users\quizz\.m2\repository\com\vaadin\hilla-parser-jvm-utils\24.6.2\hilla-parser-jvm-utils-24.6.2.jar;C:\Users\quizz\.m2\repository\io\swagger\core\v3\swagger-core\2.2.26\swagger-core-2.2.26.jar;C:\Users\quizz\.m2\repository\io\swagger\core\v3\swagger-annotations\2.2.26\swagger-annotations-2.2.26.jar;C:\Users\quizz\.m2\repository\io\swagger\core\v3\swagger-models\2.2.26\swagger-models-2.2.26.jar;C:\Users\quizz\.m2\repository\com\vaadin\hilla-runtime-plugin-transfertypes\24.6.2\hilla-runtime-plugin-transfertypes-24.6.2.jar;C:\Users\quizz\.m2\repository\com\vaadin\hilla-engine-runtime\24.6.2\hilla-engine-runtime-24.6.2.jar;C:\Users\quizz\.m2\repository\org\springframework\boot\spring-boot-starter-tomcat\3.4.1\spring-boot-starter-tomcat-3.4.1.jar;C:\Users\quizz\.m2\repository\jakarta\annotation\jakarta.annotation-api\2.1.1\jakarta.annotation-api-2.1.1.jar;C:\Users\quizz\.m2\repository\org\apache\tomcat\embed\tomcat-embed-core\10.1.34\tomcat-embed-core-10.1.34.jar;C:\Users\quizz\.m2\repository\org\apache\tomcat\embed\tomcat-embed-el\10.1.34\tomcat-embed-el-10.1.34.jar;C:\Users\quizz\.m2\repository\org\apache\tomcat\embed\tomcat-embed-websocket\10.1.34\tomcat-embed-websocket-10.1.34.jar;C:\Users\quizz\.m2\repository\org\springframework\boot\spring-boot-starter-test\3.4.1\spring-boot-starter-test-3.4.1.jar;C:\Users\quizz\.m2\repository\org\springframework\boot\spring-boot-test\3.4.1\spring-boot-test-3.4.1.jar;C:\Users\quizz\.m2\repository\org\springframework\boot\spring-boot-test-autoconfigure\3.4.1\spring-boot-test-autoconfigure-3.4.1.jar;C:\Users\quizz\.m2\repository\com\jayway\jsonpath\json-path\2.9.0\json-path-2.9.0.jar;C:\Users\quizz\.m2\repository\org\slf4j\slf4j-api\2.0.16\slf4j-api-2.0.16.jar;C:\Users\quizz\.m2\repository\jakarta\xml\bind\jakarta.xml.bind-api\4.0.2\jakarta.xml.bind-api-4.0.2.jar;C:\Users\quizz\.m2\repository\jakarta\activation\jakarta.activation-api\2.1.3\jakarta.activation-api-2.1.3.jar;C:\Users\quizz\.m2\repository\net\minidev\json-smart\2.5.1\json-smart-2.5.1.jar;C:\Users\quizz\.m2\repository\net\minidev\accessors-smart\2.5.1\accessors-smart-2.5.1.jar;C:\Users\quizz\.m2\repository\org\assertj\assertj-core\3.26.3\assertj-core-3.26.3.jar;C:\Users\quizz\.m2\repository\net\bytebuddy\byte-buddy\1.15.11\byte-buddy-1.15.11.jar;C:\Users\quizz\.m2\repository\org\awaitility\awaitility\4.2.2\awaitility-4.2.2.jar;C:\Users\quizz\.m2\repository\org\hamcrest\hamcrest\2.2\hamcrest-2.2.jar;C:\Users\quizz\.m2\repository\org\junit\jupiter\junit-jupiter\5.11.4\junit-jupiter-5.11.4.jar;C:\Users\quizz\.m2\repository\org\junit\jupiter\junit-jupiter-api\5.11.4\junit-jupiter-api-5.11.4.jar;C:\Users\quizz\.m2\repository\org\opentest4j\opentest4j\1.3.0\opentest4j-1.3.0.jar;C:\Users\quizz\.m2\repository\org\junit\platform\junit-platform-commons\1.11.4\junit-platform-commons-1.11.4.jar;C:\Users\quizz\.m2\repository\org\apiguardian\apiguardian-api\1.1.2\apiguardian-api-1.1.2.jar;C:\Users\quizz\.m2\repository\org\junit\jupiter\junit-jupiter-params\5.11.4\junit-jupiter-params-5.11.4.jar;C:\Users\quizz\.m2\repository\org\junit\jupiter\junit-jupiter-engine\5.11.4\junit-jupiter-engine-5.11.4.jar;C:\Users\quizz\.m2\repository\org\junit\platform\junit-platform-engine\1.11.4\junit-platform-engine-1.11.4.jar;C:\Users\quizz\.m2\repository\org\mockito\mockito-core\5.14.2\mockito-core-5.14.2.jar;C:\Users\quizz\.m2\repository\net\bytebuddy\byte-buddy-agent\1.15.11\byte-buddy-agent-1.15.11.jar;C:\Users\quizz\.m2\repository\org\objenesis\objenesis\3.3\objenesis-3.3.jar;C:\Users\quizz\.m2\repository\org\mockito\mockito-junit-jupiter\5.14.2\mockito-junit-jupiter-5.14.2.jar;C:\Users\quizz\.m2\repository\org\skyscreamer\jsonassert\1.5.3\jsonassert-1.5.3.jar;C:\Users\quizz\.m2\repository\com\vaadin\external\google\android-json\0.0.20131108.vaadin1\android-json-0.0.20131108.vaadin1.jar;C:\Users\quizz\.m2\repository\org\springframework\spring-core\6.2.1\spring-core-6.2.1.jar;C:\Users\quizz\.m2\repository\org\springframework\spring-jcl\6.2.1\spring-jcl-6.2.1.jar;C:\Users\quizz\.m2\repository\org\springframework\spring-test\6.2.1\spring-test-6.2.1.jar;C:\Users\quizz\.m2\repository\org\xmlunit\xmlunit-core\2.10.0\xmlunit-core-2.10.0.jar;C:\Users\quizz\.m2\repository\org\matheclipse\matheclipse-core\3.0.0\matheclipse-core-3.0.0.jar;C:\Users\quizz\.m2\repository\org\matheclipse\matheclipse-external\3.0.0\matheclipse-external-3.0.0.jar;C:\Users\quizz\.m2\repository\com\google\guava\guava\33.3.1-jre\guava-33.3.1-jre.jar;C:\Users\quizz\.m2\repository\com\google\guava\failureaccess\1.0.2\failureaccess-1.0.2.jar;C:\Users\quizz\.m2\repository\com\google\guava\listenablefuture\9999.0-empty-to-avoid-conflict-with-guava\listenablefuture-9999.0-empty-to-avoid-conflict-with-guava.jar;C:\Users\quizz\.m2\repository\org\checkerframework\checker-qual\3.43.0\checker-qual-3.43.0.jar;C:\Users\quizz\.m2\repository\com\google\errorprone\error_prone_annotations\2.28.0\error_prone_annotations-2.28.0.jar;C:\Users\quizz\.m2\repository\com\google\j2objc\j2objc-annotations\3.0.0\j2objc-annotations-3.0.0.jar;C:\Users\quizz\.m2\repository\io\pebbletemplates\pebble\3.2.1\pebble-3.2.1.jar;C:\Users\quizz\.m2\repository\org\unbescape\unbescape\1.1.6.RELEASE\unbescape-1.1.6.RELEASE.jar;C:\Users\quizz\.m2\repository\de\uni-mannheim\rz\krum\jas\2.7.200\jas-2.7.200.jar;C:\Users\quizz\.m2\repository\org\apfloat\apfloat\1.12.0\apfloat-1.12.0.jar;C:\Users\quizz\.m2\repository\org\hipparchus\hipparchus-clustering\3.0\hipparchus-clustering-3.0.jar;C:\Users\quizz\.m2\repository\org\hipparchus\hipparchus-core\3.0\hipparchus-core-3.0.jar;C:\Users\quizz\.m2\repository\org\hipparchus\hipparchus-stat\3.0\hipparchus-stat-3.0.jar;C:\Users\quizz\.m2\repository\org\hipparchus\hipparchus-fft\3.0\hipparchus-fft-3.0.jar;C:\Users\quizz\.m2\repository\org\hipparchus\hipparchus-fitting\3.0\hipparchus-fitting-3.0.jar;C:\Users\quizz\.m2\repository\org\hipparchus\hipparchus-ode\3.0\hipparchus-ode-3.0.jar;C:\Users\quizz\.m2\repository\org\hipparchus\hipparchus-optim\3.0\hipparchus-optim-3.0.jar;C:\Users\quizz\.m2\repository\org\jgrapht\jgrapht-io\1.5.2\jgrapht-io-1.5.2.jar;C:\Users\quizz\.m2\repository\org\jgrapht\jgrapht-core\1.5.2\jgrapht-core-1.5.2.jar;C:\Users\quizz\.m2\repository\org\jheaps\jheaps\0.14\jheaps-0.14.jar;C:\Users\quizz\.m2\repository\org\antlr\antlr4-runtime\4.12.0\antlr4-runtime-4.12.0.jar;C:\Users\quizz\.m2\repository\org\apache\commons\commons-text\1.10.0\commons-text-1.10.0.jar;C:\Users\quizz\.m2\repository\org\apache\commons\commons-lang3\3.17.0\commons-lang3-3.17.0.jar;C:\Users\quizz\.m2\repository\org\apache\commons\commons-csv\1.10.0\commons-csv-1.10.0.jar;C:\Users\quizz\.m2\repository\org\logicng\logicng-j11\2.4.2\logicng-j11-2.4.2.jar;C:\Users\quizz\.m2\repository\org\gavaghan\geodesy\1.1.3\geodesy-1.1.3.jar;C:\Users\quizz\.m2\repository\it\unimi\dsi\fastutil-core\8.5.12\fastutil-core-8.5.12.jar;C:\Users\quizz\.m2\repository\org\codehaus\janino\janino\3.1.12\janino-3.1.12.jar;C:\Users\quizz\.m2\repository\org\codehaus\janino\commons-compiler\3.1.12\commons-compiler-3.1.12.jar;C:\Users\quizz\.m2\repository\com\univocity\univocity-parsers\2.9.1\univocity-parsers-2.9.1.jar;C:\Users\quizz\.m2\repository\org\organicdesign\Paguro\3.10.3\Paguro-3.10.3.jar;C:\Users\quizz\.m2\repository\org\jetbrains\annotations\23.0.0\annotations-23.0.0.jar;C:\Users\quizz\.m2\repository\org\choco-solver\choco-solver\4.10.14\choco-solver-4.10.14.jar;C:\Users\quizz\.m2\repository\dk\brics\automaton\automaton\1.11-8\automaton-1.11-8.jar;C:\Users\quizz\.m2\repository\org\knowm\xchart\xchart\3.8.3\xchart-3.8.3.jar;C:\Users\quizz\.m2\repository\de\erichseifert\vectorgraphics2d\VectorGraphics2D\0.13\VectorGraphics2D-0.13.jar;C:\Users\quizz\.m2\repository\de\rototor\pdfbox\graphics2d\0.41\graphics2d-0.41.jar;C:\Users\quizz\.m2\repository\org\apache\pdfbox\pdfbox\2.0.26\pdfbox-2.0.26.jar;C:\Users\quizz\.m2\repository\org\apache\pdfbox\fontbox\2.0.26\fontbox-2.0.26.jar;C:\Users\quizz\.m2\repository\commons-logging\commons-logging\1.2\commons-logging-1.2.jar;C:\Users\quizz\.m2\repository\com\madgag\animated-gif-lib\1.4\animated-gif-lib-1.4.jar;C:\Users\quizz\.m2\repository\org\ehcache\sizeof\0.4.3\sizeof-0.4.3.jar;C:\Users\quizz\.m2\repository\net\sf\trove4j\trove4j\3.0.3\trove4j-3.0.3.jar;C:\Users\quizz\.m2\repository\com\esotericsoftware\kryo\5.5.0\kryo-5.5.0.jar;C:\Users\quizz\.m2\repository\com\esotericsoftware\reflectasm\1.11.9\reflectasm-1.11.9.jar;C:\Users\quizz\.m2\repository\com\esotericsoftware\minlog\1.3.1\minlog-1.3.1.jar;C:\Users\quizz\.m2\repository\com\github\freva\ascii-table\1.8.0\ascii-table-1.8.0.jar;C:\Users\quizz\.m2\repository\de\labathome\AdaptiveQuadrature\1.0.2\AdaptiveQuadrature-1.0.2.jar;C:\Users\quizz\.m2\repository\org\apache\logging\log4j\log4j-api\2.24.3\log4j-api-2.24.3.jar;C:\Users\quizz\.m2\repository\org\matheclipse\matheclipse-parser\3.0.0\matheclipse-parser-3.0.0.jar;"/>
    <property name="java.vm.vendor" value="Oracle Corporation"/>
    <property name="sun.arch.data.model" value="64"/>
    <property name="user.variant" value=""/>
    <property name="spring.devtools.livereload.port" value="35729"/>
    <property name="java.vendor.url" value="https://java.oracle.com/"/>
    <property name="user.timezone" value="America/New_York"/>
    <property name="org.jboss.logging.provider" value="slf4j"/>
    <property name="os.name" value="Windows 10"/>
    <property name="java.vm.specification.version" value="17"/>
    <property name="APPLICATION_NAME" value="algebrator"/>
    <property name="sun.java.launcher" value="SUN_STANDARD"/>
    <property name="user.country" value="US"/>
    <property name="sun.boot.library.path" value="C:\java\jdk17\bin"/>
    <property name="sun.java.command" value="C:\Users\quizz\AppData\Local\Temp\surefire7852412720218319139\surefirebooter-20250120111133433_3.jar C:\Users\quizz\AppData\Local\Temp\surefire7852412720218319139 2025-01-20T11-11-33_082-jvmRun1 surefire-20250120111133433_1tmp surefire_0-20250120111133433_2tmp"/>
    <property name="jdk.debug" value="release"/>
    <property name="surefire.test.class.path" value="C:\Users\quizz\Documents\GitHub\QuizProjs\algebrator\target\test-classes;C:\Users\quizz\Documents\GitHub\QuizProjs\algebrator\target\classes;C:\Users\quizz\.m2\repository\org\springframework\boot\spring-boot-starter-web\3.4.1\spring-boot-starter-web-3.4.1.jar;C:\Users\quizz\.m2\repository\org\springframework\boot\spring-boot-starter\3.4.1\spring-boot-starter-3.4.1.jar;C:\Users\quizz\.m2\repository\org\springframework\boot\spring-boot\3.4.1\spring-boot-3.4.1.jar;C:\Users\quizz\.m2\repository\org\springframework\boot\spring-boot-autoconfigure\3.4.1\spring-boot-autoconfigure-3.4.1.jar;C:\Users\quizz\.m2\repository\org\springframework\boot\spring-boot-starter-logging\3.4.1\spring-boot-starter-logging-3.4.1.jar;C:\Users\quizz\.m2\repository\ch\qos\logback\logback-classic\1.5.12\logback-classic-1.5.12.jar;C:\Users\quizz\.m2\repository\ch\qos\logback\logback-core\1.5.12\logback-core-1.5.12.jar;C:\Users\quizz\.m2\repository\org\apache\logging\log4j\log4j-to-slf4j\2.24.3\log4j-to-slf4j-2.24.3.jar;C:\Users\quizz\.m2\repository\org\slf4j\jul-to-slf4j\2.0.16\jul-to-slf4j-2.0.16.jar;C:\Users\quizz\.m2\repository\org\yaml\snakeyaml\2.3\snakeyaml-2.3.jar;C:\Users\quizz\.m2\repository\org\springframework\boot\spring-boot-starter-json\3.4.1\spring-boot-starter-json-3.4.1.jar;C:\Users\quizz\.m2\repository\com\fasterxml\jackson\core\jackson-databind\2.18.2\jackson-databind-2.18.2.jar;C:\Users\quizz\.m2\repository\com\fasterxml\jackson\core\jackson-annotations\2.18.2\jackson-annotations-2.18.2.jar;C:\Users\quizz\.m2\repository\com\fasterxml\jackson\core\jackson-core\2.18.2\jackson-core-2.18.2.jar;C:\Users\quizz\.m2\repository\com\fasterxml\jackson\datatype\jackson-datatype-jdk8\2.18.2\jackson-datatype-jdk8-2.18.2.jar;C:\Users\quizz\.m2\repository\com\fasterxml\jackson\datatype\jackson-datatype-jsr310\2.18.2\jackson-datatype-jsr310-2.18.2.jar;C:\Users\quizz\.m2\repository\com\fasterxml\jackson\module\jackson-module-parameter-names\2.18.2\jackson-module-parameter-names-2.18.2.jar;C:\Users\quizz\.m2\repository\org\springframework\spring-web\6.2.1\spring-web-6.2.1.jar;C:\Users\quizz\.m2\repository\org\springframework\spring-beans\6.2.1\spring-beans-6.2.1.jar;C:\Users\quizz\.m2\repository\io\micrometer\micrometer-observation\1.14.2\micrometer-observation-1.14.2.jar;C:\Users\quizz\.m2\repository\io\micrometer\micrometer-commons\1.14.2\micrometer-commons-1.14.2.jar;C:\Users\quizz\.m2\repository\org\springframework\spring-webmvc\6.2.1\spring-webmvc-6.2.1.jar;C:\Users\quizz\.m2\repository\org\springframework\spring-aop\6.2.1\spring-aop-6.2.1.jar;C:\Users\quizz\.m2\repository\org\springframework\spring-context\6.2.1\spring-context-6.2.1.jar;C:\Users\quizz\.m2\repository\org\springframework\spring-expression\6.2.1\spring-expression-6.2.1.jar;C:\Users\quizz\.m2\repository\com\vaadin\vaadin-spring-boot-starter\24.6.2\vaadin-spring-boot-starter-24.6.2.jar;C:\Users\quizz\.m2\repository\com\vaadin\vaadin-spring\24.6.2\vaadin-spring-24.6.2.jar;C:\Users\quizz\.m2\repository\com\vaadin\flow-server\24.6.2\flow-server-24.6.2.jar;C:\Users\quizz\.m2\repository\com\vaadin\servletdetector\throw-if-servlet3\1.0.2\throw-if-servlet3-1.0.2.jar;C:\Users\quizz\.m2\repository\com\vaadin\external\gwt\gwt-elemental\2.8.2.vaadin2\gwt-elemental-2.8.2.vaadin2.jar;C:\Users\quizz\.m2\repository\org\apache\commons\commons-fileupload2-jakarta\2.0.0-M1\commons-fileupload2-jakarta-2.0.0-M1.jar;C:\Users\quizz\.m2\repository\org\apache\commons\commons-fileupload2-core\2.0.0-M1\commons-fileupload2-core-2.0.0-M1.jar;C:\Users\quizz\.m2\repository\commons-io\commons-io\2.18.0\commons-io-2.18.0.jar;C:\Users\quizz\.m2\repository\org\jsoup\jsoup\1.18.1\jsoup-1.18.1.jar;C:\Users\quizz\.m2\repository\com\helger\ph-css\7.0.3\ph-css-7.0.3.jar;C:\Users\quizz\.m2\repository\com\helger\commons\ph-commons\11.1.8\ph-commons-11.1.8.jar;C:\Users\quizz\.m2\repository\org\ow2\asm\asm\9.7.1\asm-9.7.1.jar;C:\Users\quizz\.m2\repository\com\vaadin\external\gentyref\1.2.0.vaadin1\gentyref-1.2.0.vaadin1.jar;C:\Users\quizz\.m2\repository\org\apache\commons\commons-compress\1.27.1\commons-compress-1.27.1.jar;C:\Users\quizz\.m2\repository\commons-codec\commons-codec\1.17.1\commons-codec-1.17.1.jar;C:\Users\quizz\.m2\repository\com\vaadin\flow-push\24.6.2\flow-push-24.6.2.jar;C:\Users\quizz\.m2\repository\com\vaadin\external\atmosphere\atmosphere-runtime\3.0.5.slf4jvaadin1\atmosphere-runtime-3.0.5.slf4jvaadin1.jar;C:\Users\quizz\.m2\repository\com\vaadin\flow-client\24.6.2\flow-client-24.6.2.jar;C:\Users\quizz\.m2\repository\org\springframework\spring-websocket\6.2.1\spring-websocket-6.2.1.jar;C:\Users\quizz\.m2\repository\org\hibernate\validator\hibernate-validator\8.0.2.Final\hibernate-validator-8.0.2.Final.jar;C:\Users\quizz\.m2\repository\jakarta\validation\jakarta.validation-api\3.0.2\jakarta.validation-api-3.0.2.jar;C:\Users\quizz\.m2\repository\org\jboss\logging\jboss-logging\3.6.1.Final\jboss-logging-3.6.1.Final.jar;C:\Users\quizz\.m2\repository\com\fasterxml\classmate\1.7.0\classmate-1.7.0.jar;C:\Users\quizz\.m2\repository\org\reflections\reflections\0.10.2\reflections-0.10.2.jar;C:\Users\quizz\.m2\repository\com\google\code\findbugs\jsr305\3.0.2\jsr305-3.0.2.jar;C:\Users\quizz\.m2\repository\org\javassist\javassist\3.30.2-GA\javassist-3.30.2-GA.jar;C:\Users\quizz\.m2\repository\com\vaadin\vaadin-core\24.6.2\vaadin-core-24.6.2.jar;C:\Users\quizz\.m2\repository\com\vaadin\vaadin-core-internal\24.6.2\vaadin-core-internal-24.6.2.jar;C:\Users\quizz\.m2\repository\com\vaadin\flow-lit-template\24.6.2\flow-lit-template-24.6.2.jar;C:\Users\quizz\.m2\repository\com\vaadin\flow-react\24.6.2\flow-react-24.6.2.jar;C:\Users\quizz\.m2\repository\com\vaadin\flow-html-components\24.6.2\flow-html-components-24.6.2.jar;C:\Users\quizz\.m2\repository\com\vaadin\flow-data\24.6.2\flow-data-24.6.2.jar;C:\Users\quizz\.m2\repository\com\vaadin\flow-dnd\24.6.2\flow-dnd-24.6.2.jar;C:\Users\quizz\.m2\repository\com\vaadin\vaadin-lumo-theme\24.6.2\vaadin-lumo-theme-24.6.2.jar;C:\Users\quizz\.m2\repository\com\vaadin\vaadin-icons-flow\24.6.2\vaadin-icons-flow-24.6.2.jar;C:\Users\quizz\.m2\repository\com\vaadin\vaadin-flow-components-base\24.6.2\vaadin-flow-components-base-24.6.2.jar;C:\Users\quizz\.m2\repository\com\vaadin\vaadin-material-theme\24.6.2\vaadin-material-theme-24.6.2.jar;C:\Users\quizz\.m2\repository\com\vaadin\vaadin-core-components\24.6.2\vaadin-core-components-24.6.2.jar;C:\Users\quizz\.m2\repository\com\vaadin\vaadin-accordion-flow\24.6.2\vaadin-accordion-flow-24.6.2.jar;C:\Users\quizz\.m2\repository\com\vaadin\vaadin-avatar-flow\24.6.2\vaadin-avatar-flow-24.6.2.jar;C:\Users\quizz\.m2\repository\com\vaadin\vaadin-button-flow\24.6.2\vaadin-button-flow-24.6.2.jar;C:\Users\quizz\.m2\repository\com\vaadin\vaadin-checkbox-flow\24.6.2\vaadin-checkbox-flow-24.6.2.jar;C:\Users\quizz\.m2\repository\com\vaadin\vaadin-combo-box-flow\24.6.2\vaadin-combo-box-flow-24.6.2.jar;C:\Users\quizz\.m2\repository\com\vaadin\vaadin-confirm-dialog-flow\24.6.2\vaadin-confirm-dialog-flow-24.6.2.jar;C:\Users\quizz\.m2\repository\com\vaadin\vaadin-custom-field-flow\24.6.2\vaadin-custom-field-flow-24.6.2.jar;C:\Users\quizz\.m2\repository\com\vaadin\vaadin-date-picker-flow\24.6.2\vaadin-date-picker-flow-24.6.2.jar;C:\Users\quizz\.m2\repository\com\vaadin\vaadin-date-time-picker-flow\24.6.2\vaadin-date-time-picker-flow-24.6.2.jar;C:\Users\quizz\.m2\repository\com\vaadin\vaadin-details-flow\24.6.2\vaadin-details-flow-24.6.2.jar;C:\Users\quizz\.m2\repository\com\vaadin\vaadin-time-picker-flow\24.6.2\vaadin-time-picker-flow-24.6.2.jar;C:\Users\quizz\.m2\repository\com\vaadin\vaadin-select-flow\24.6.2\vaadin-select-flow-24.6.2.jar;C:\Users\quizz\.m2\repository\com\vaadin\vaadin-side-nav-flow\24.6.2\vaadin-side-nav-flow-24.6.2.jar;C:\Users\quizz\.m2\repository\com\vaadin\vaadin-dialog-flow\24.6.2\vaadin-dialog-flow-24.6.2.jar;C:\Users\quizz\.m2\repository\com\vaadin\vaadin-form-layout-flow\24.6.2\vaadin-form-layout-flow-24.6.2.jar;C:\Users\quizz\.m2\repository\com\vaadin\vaadin-field-highlighter-flow\24.6.2\vaadin-field-highlighter-flow-24.6.2.jar;C:\Users\quizz\.m2\repository\com\vaadin\vaadin-grid-flow\24.6.2\vaadin-grid-flow-24.6.2.jar;C:\Users\quizz\.m2\repository\com\vaadin\vaadin-virtual-list-flow\24.6.2\vaadin-virtual-list-flow-24.6.2.jar;C:\Users\quizz\.m2\repository\com\vaadin\vaadin-list-box-flow\24.6.2\vaadin-list-box-flow-24.6.2.jar;C:\Users\quizz\.m2\repository\com\vaadin\vaadin-login-flow\24.6.2\vaadin-login-flow-24.6.2.jar;C:\Users\quizz\.m2\repository\com\vaadin\vaadin-messages-flow\24.6.2\vaadin-messages-flow-24.6.2.jar;C:\Users\quizz\.m2\repository\com\vaadin\vaadin-ordered-layout-flow\24.6.2\vaadin-ordered-layout-flow-24.6.2.jar;C:\Users\quizz\.m2\repository\com\vaadin\vaadin-progress-bar-flow\24.6.2\vaadin-progress-bar-flow-24.6.2.jar;C:\Users\quizz\.m2\repository\com\vaadin\vaadin-popover-flow\24.6.2\vaadin-popover-flow-24.6.2.jar;C:\Users\quizz\.m2\repository\com\vaadin\vaadin-radio-button-flow\24.6.2\vaadin-radio-button-flow-24.6.2.jar;C:\Users\quizz\.m2\repository\com\vaadin\vaadin-renderer-flow\24.6.2\vaadin-renderer-flow-24.6.2.jar;C:\Users\quizz\.m2\repository\com\vaadin\vaadin-split-layout-flow\24.6.2\vaadin-split-layout-flow-24.6.2.jar;C:\Users\quizz\.m2\repository\com\vaadin\vaadin-tabs-flow\24.6.2\vaadin-tabs-flow-24.6.2.jar;C:\Users\quizz\.m2\repository\com\vaadin\vaadin-text-field-flow\24.6.2\vaadin-text-field-flow-24.6.2.jar;C:\Users\quizz\.m2\repository\com\vaadin\vaadin-upload-flow\24.6.2\vaadin-upload-flow-24.6.2.jar;C:\Users\quizz\.m2\repository\com\vaadin\vaadin-notification-flow\24.6.2\vaadin-notification-flow-24.6.2.jar;C:\Users\quizz\.m2\repository\com\vaadin\vaadin-app-layout-flow\24.6.2\vaadin-app-layout-flow-24.6.2.jar;C:\Users\quizz\.m2\repository\com\vaadin\vaadin-context-menu-flow\24.6.2\vaadin-context-menu-flow-24.6.2.jar;C:\Users\quizz\.m2\repository\com\vaadin\vaadin-menu-bar-flow\24.6.2\vaadin-menu-bar-flow-24.6.2.jar;C:\Users\quizz\.m2\repository\com\vaadin\collaboration-engine\6.4.0\collaboration-engine-6.4.0.jar;C:\Users\quizz\.m2\repository\com\vaadin\vaadin-dev\24.6.2\vaadin-dev-24.6.2.jar;C:\Users\quizz\.m2\repository\com\vaadin\vaadin-dev-server\24.6.2\vaadin-dev-server-24.6.2.jar;C:\Users\quizz\.m2\repository\com\vaadin\license-checker\1.13.3\license-checker-1.13.3.jar;C:\Users\quizz\.m2\repository\com\github\oshi\oshi-core\6.6.5\oshi-core-6.6.5.jar;C:\Users\quizz\.m2\repository\net\java\dev\jna\jna\5.15.0\jna-5.15.0.jar;C:\Users\quizz\.m2\repository\net\java\dev\jna\jna-platform\5.15.0\jna-platform-5.15.0.jar;C:\Users\quizz\.m2\repository\com\nimbusds\nimbus-jose-jwt\9.37.3\nimbus-jose-jwt-9.37.3.jar;C:\Users\quizz\.m2\repository\org\lucee\jcip-annotations\1.0.0\jcip-annotations-1.0.0.jar;C:\Users\quizz\.m2\repository\com\vaadin\open\8.5.0.4\open-8.5.0.4.jar;C:\Users\quizz\.m2\repository\com\github\javaparser\javaparser-core\3.26.2\javaparser-core-3.26.2.jar;C:\Users\quizz\.m2\repository\io\methvin\directory-watcher\0.18.0\directory-watcher-0.18.0.jar;C:\Users\quizz\.m2\repository\com\vaadin\vaadin-dev-bundle\24.6.2\vaadin-dev-bundle-24.6.2.jar;C:\Users\quizz\.m2\repository\com\vaadin\hilla-dev\24.6.2\hilla-dev-24.6.2.jar;C:\Users\quizz\.m2\repository\com\vaadin\copilot\24.6.2\copilot-24.6.2.jar;C:\Users\quizz\.m2\repository\io\projectreactor\netty\reactor-netty\1.2.1\reactor-netty-1.2.1.jar;C:\Users\quizz\.m2\repository\io\projectreactor\netty\reactor-netty-core\1.2.1\reactor-netty-core-1.2.1.jar;C:\Users\quizz\.m2\repository\io\projectreactor\netty\reactor-netty-http\1.2.1\reactor-netty-http-1.2.1.jar;C:\Users\quizz\.m2\repository\io\projectreactor\netty\incubator\reactor-netty-incubator-quic\0.2.1\reactor-netty-incubator-quic-0.2.1.jar;C:\Users\quizz\.m2\repository\io\netty\incubator\netty-incubator-codec-native-quic\0.0.68.Final\netty-incubator-codec-native-quic-0.0.68.Final-linux-x86_64.jar;C:\Users\quizz\.m2\repository\io\netty\incubator\netty-incubator-codec-classes-quic\0.0.68.Final\netty-incubator-codec-classes-quic-0.0.68.Final.jar;C:\Users\quizz\.m2\repository\io\netty\netty-all\4.1.116.Final\netty-all-4.1.116.Final.jar;C:\Users\quizz\.m2\repository\io\netty\netty-codec-haproxy\4.1.116.Final\netty-codec-haproxy-4.1.116.Final.jar;C:\Users\quizz\.m2\repository\io\netty\netty-codec-memcache\4.1.116.Final\netty-codec-memcache-4.1.116.Final.jar;C:\Users\quizz\.m2\repository\io\netty\netty-codec-mqtt\4.1.116.Final\netty-codec-mqtt-4.1.116.Final.jar;C:\Users\quizz\.m2\repository\io\netty\netty-codec-redis\4.1.116.Final\netty-codec-redis-4.1.116.Final.jar;C:\Users\quizz\.m2\repository\io\netty\netty-codec-smtp\4.1.116.Final\netty-codec-smtp-4.1.116.Final.jar;C:\Users\quizz\.m2\repository\io\netty\netty-codec-stomp\4.1.116.Final\netty-codec-stomp-4.1.116.Final.jar;C:\Users\quizz\.m2\repository\io\netty\netty-codec-xml\4.1.116.Final\netty-codec-xml-4.1.116.Final.jar;C:\Users\quizz\.m2\repository\io\netty\netty-handler-ssl-ocsp\4.1.116.Final\netty-handler-ssl-ocsp-4.1.116.Final.jar;C:\Users\quizz\.m2\repository\io\netty\netty-transport-rxtx\4.1.116.Final\netty-transport-rxtx-4.1.116.Final.jar;C:\Users\quizz\.m2\repository\io\netty\netty-transport-sctp\4.1.116.Final\netty-transport-sctp-4.1.116.Final.jar;C:\Users\quizz\.m2\repository\io\netty\netty-transport-udt\4.1.116.Final\netty-transport-udt-4.1.116.Final.jar;C:\Users\quizz\.m2\repository\io\netty\netty-transport-classes-kqueue\4.1.116.Final\netty-transport-classes-kqueue-4.1.116.Final.jar;C:\Users\quizz\.m2\repository\io\netty\netty-transport-native-kqueue\4.1.116.Final\netty-transport-native-kqueue-4.1.116.Final-osx-x86_64.jar;C:\Users\quizz\.m2\repository\io\netty\netty-transport-native-kqueue\4.1.116.Final\netty-transport-native-kqueue-4.1.116.Final-osx-aarch_64.jar;C:\Users\quizz\.m2\repository\org\apache\commons\commons-configuration2\2.11.0\commons-configuration2-2.11.0.jar;C:\Users\quizz\.m2\repository\com\vaadin\ui-tests\1.1.1\ui-tests-1.1.1.jar;C:\Users\quizz\.m2\repository\io\netty\netty-common\4.1.116.Final\netty-common-4.1.116.Final.jar;C:\Users\quizz\.m2\repository\io\netty\netty-buffer\4.1.116.Final\netty-buffer-4.1.116.Final.jar;C:\Users\quizz\.m2\repository\io\netty\netty-codec\4.1.116.Final\netty-codec-4.1.116.Final.jar;C:\Users\quizz\.m2\repository\io\netty\netty-codec-http\4.1.116.Final\netty-codec-http-4.1.116.Final.jar;C:\Users\quizz\.m2\repository\io\netty\netty-codec-http2\4.1.116.Final\netty-codec-http2-4.1.116.Final.jar;C:\Users\quizz\.m2\repository\io\netty\netty-handler-proxy\4.1.116.Final\netty-handler-proxy-4.1.116.Final.jar;C:\Users\quizz\.m2\repository\io\netty\netty-codec-socks\4.1.116.Final\netty-codec-socks-4.1.116.Final.jar;C:\Users\quizz\.m2\repository\io\netty\netty-handler\4.1.116.Final\netty-handler-4.1.116.Final.jar;C:\Users\quizz\.m2\repository\io\netty\netty-transport\4.1.116.Final\netty-transport-4.1.116.Final.jar;C:\Users\quizz\.m2\repository\io\netty\netty-resolver\4.1.116.Final\netty-resolver-4.1.116.Final.jar;C:\Users\quizz\.m2\repository\io\netty\netty-resolver-dns\4.1.116.Final\netty-resolver-dns-4.1.116.Final.jar;C:\Users\quizz\.m2\repository\io\netty\netty-codec-dns\4.1.116.Final\netty-codec-dns-4.1.116.Final.jar;C:\Users\quizz\.m2\repository\io\netty\netty-transport-native-unix-common\4.1.116.Final\netty-transport-native-unix-common-4.1.116.Final.jar;C:\Users\quizz\.m2\repository\io\netty\netty-resolver-dns-native-macos\4.1.116.Final\netty-resolver-dns-native-macos-4.1.116.Final.jar;C:\Users\quizz\.m2\repository\io\netty\netty-resolver-dns-classes-macos\4.1.116.Final\netty-resolver-dns-classes-macos-4.1.116.Final.jar;C:\Users\quizz\.m2\repository\io\netty\netty-transport-native-epoll\4.1.116.Final\netty-transport-native-epoll-4.1.116.Final.jar;C:\Users\quizz\.m2\repository\io\netty\netty-transport-classes-epoll\4.1.116.Final\netty-transport-classes-epoll-4.1.116.Final.jar;C:\Users\quizz\.m2\repository\com\vaadin\hilla\24.6.2\hilla-24.6.2.jar;C:\Users\quizz\.m2\repository\com\vaadin\hilla-endpoint\24.6.2\hilla-endpoint-24.6.2.jar;C:\Users\quizz\.m2\repository\com\vaadin\hilla-engine-core\24.6.2\hilla-engine-core-24.6.2.jar;C:\Users\quizz\.m2\repository\com\vaadin\hilla-parser-jvm-core\24.6.2\hilla-parser-jvm-core-24.6.2.jar;C:\Users\quizz\.m2\repository\io\github\classgraph\classgraph\4.8.179\classgraph-4.8.179.jar;C:\Users\quizz\.m2\repository\com\fasterxml\jackson\dataformat\jackson-dataformat-yaml\2.18.2\jackson-dataformat-yaml-2.18.2.jar;C:\Users\quizz\.m2\repository\com\vaadin\hilla-parser-jvm-plugin-backbone\24.6.2\hilla-parser-jvm-plugin-backbone-24.6.2.jar;C:\Users\quizz\.m2\repository\com\vaadin\hilla-parser-jvm-plugin-nonnull\24.6.2\hilla-parser-jvm-plugin-nonnull-24.6.2.jar;C:\Users\quizz\.m2\repository\com\vaadin\hilla-parser-jvm-plugin-subtypes\24.6.2\hilla-parser-jvm-plugin-subtypes-24.6.2.jar;C:\Users\quizz\.m2\repository\com\vaadin\hilla-parser-jvm-plugin-model\24.6.2\hilla-parser-jvm-plugin-model-24.6.2.jar;C:\Users\quizz\.m2\repository\com\vaadin\hilla-parser-jvm-plugin-transfertypes\24.6.2\hilla-parser-jvm-plugin-transfertypes-24.6.2.jar;C:\Users\quizz\.m2\repository\org\springframework\data\spring-data-commons\3.4.1\spring-data-commons-3.4.1.jar;C:\Users\quizz\.m2\repository\io\projectreactor\reactor-core\3.7.1\reactor-core-3.7.1.jar;C:\Users\quizz\.m2\repository\org\reactivestreams\reactive-streams\1.0.4\reactive-streams-1.0.4.jar;C:\Users\quizz\.m2\repository\org\springframework\security\spring-security-core\6.4.2\spring-security-core-6.4.2.jar;C:\Users\quizz\.m2\repository\org\springframework\security\spring-security-crypto\6.4.2\spring-security-crypto-6.4.2.jar;C:\Users\quizz\.m2\repository\com\github\javaparser\javaparser-symbol-solver-core\3.26.2\javaparser-symbol-solver-core-3.26.2.jar;C:\Users\quizz\.m2\repository\com\vaadin\hilla-parser-jvm-utils\24.6.2\hilla-parser-jvm-utils-24.6.2.jar;C:\Users\quizz\.m2\repository\io\swagger\core\v3\swagger-core\2.2.26\swagger-core-2.2.26.jar;C:\Users\quizz\.m2\repository\io\swagger\core\v3\swagger-annotations\2.2.26\swagger-annotations-2.2.26.jar;C:\Users\quizz\.m2\repository\io\swagger\core\v3\swagger-models\2.2.26\swagger-models-2.2.26.jar;C:\Users\quizz\.m2\repository\com\vaadin\hilla-runtime-plugin-transfertypes\24.6.2\hilla-runtime-plugin-transfertypes-24.6.2.jar;C:\Users\quizz\.m2\repository\com\vaadin\hilla-engine-runtime\24.6.2\hilla-engine-runtime-24.6.2.jar;C:\Users\quizz\.m2\repository\org\springframework\boot\spring-boot-starter-tomcat\3.4.1\spring-boot-starter-tomcat-3.4.1.jar;C:\Users\quizz\.m2\repository\jakarta\annotation\jakarta.annotation-api\2.1.1\jakarta.annotation-api-2.1.1.jar;C:\Users\quizz\.m2\repository\org\apache\tomcat\embed\tomcat-embed-core\10.1.34\tomcat-embed-core-10.1.34.jar;C:\Users\quizz\.m2\repository\org\apache\tomcat\embed\tomcat-embed-el\10.1.34\tomcat-embed-el-10.1.34.jar;C:\Users\quizz\.m2\repository\org\apache\tomcat\embed\tomcat-embed-websocket\10.1.34\tomcat-embed-websocket-10.1.34.jar;C:\Users\quizz\.m2\repository\org\springframework\boot\spring-boot-starter-test\3.4.1\spring-boot-starter-test-3.4.1.jar;C:\Users\quizz\.m2\repository\org\springframework\boot\spring-boot-test\3.4.1\spring-boot-test-3.4.1.jar;C:\Users\quizz\.m2\repository\org\springframework\boot\spring-boot-test-autoconfigure\3.4.1\spring-boot-test-autoconfigure-3.4.1.jar;C:\Users\quizz\.m2\repository\com\jayway\jsonpath\json-path\2.9.0\json-path-2.9.0.jar;C:\Users\quizz\.m2\repository\org\slf4j\slf4j-api\2.0.16\slf4j-api-2.0.16.jar;C:\Users\quizz\.m2\repository\jakarta\xml\bind\jakarta.xml.bind-api\4.0.2\jakarta.xml.bind-api-4.0.2.jar;C:\Users\quizz\.m2\repository\jakarta\activation\jakarta.activation-api\2.1.3\jakarta.activation-api-2.1.3.jar;C:\Users\quizz\.m2\repository\net\minidev\json-smart\2.5.1\json-smart-2.5.1.jar;C:\Users\quizz\.m2\repository\net\minidev\accessors-smart\2.5.1\accessors-smart-2.5.1.jar;C:\Users\quizz\.m2\repository\org\assertj\assertj-core\3.26.3\assertj-core-3.26.3.jar;C:\Users\quizz\.m2\repository\net\bytebuddy\byte-buddy\1.15.11\byte-buddy-1.15.11.jar;C:\Users\quizz\.m2\repository\org\awaitility\awaitility\4.2.2\awaitility-4.2.2.jar;C:\Users\quizz\.m2\repository\org\hamcrest\hamcrest\2.2\hamcrest-2.2.jar;C:\Users\quizz\.m2\repository\org\junit\jupiter\junit-jupiter\5.11.4\junit-jupiter-5.11.4.jar;C:\Users\quizz\.m2\repository\org\junit\jupiter\junit-jupiter-api\5.11.4\junit-jupiter-api-5.11.4.jar;C:\Users\quizz\.m2\repository\org\opentest4j\opentest4j\1.3.0\opentest4j-1.3.0.jar;C:\Users\quizz\.m2\repository\org\junit\platform\junit-platform-commons\1.11.4\junit-platform-commons-1.11.4.jar;C:\Users\quizz\.m2\repository\org\apiguardian\apiguardian-api\1.1.2\apiguardian-api-1.1.2.jar;C:\Users\quizz\.m2\repository\org\junit\jupiter\junit-jupiter-params\5.11.4\junit-jupiter-params-5.11.4.jar;C:\Users\quizz\.m2\repository\org\junit\jupiter\junit-jupiter-engine\5.11.4\junit-jupiter-engine-5.11.4.jar;C:\Users\quizz\.m2\repository\org\junit\platform\junit-platform-engine\1.11.4\junit-platform-engine-1.11.4.jar;C:\Users\quizz\.m2\repository\org\mockito\mockito-core\5.14.2\mockito-core-5.14.2.jar;C:\Users\quizz\.m2\repository\net\bytebuddy\byte-buddy-agent\1.15.11\byte-buddy-agent-1.15.11.jar;C:\Users\quizz\.m2\repository\org\objenesis\objenesis\3.3\objenesis-3.3.jar;C:\Users\quizz\.m2\repository\org\mockito\mockito-junit-jupiter\5.14.2\mockito-junit-jupiter-5.14.2.jar;C:\Users\quizz\.m2\repository\org\skyscreamer\jsonassert\1.5.3\jsonassert-1.5.3.jar;C:\Users\quizz\.m2\repository\com\vaadin\external\google\android-json\0.0.20131108.vaadin1\android-json-0.0.20131108.vaadin1.jar;C:\Users\quizz\.m2\repository\org\springframework\spring-core\6.2.1\spring-core-6.2.1.jar;C:\Users\quizz\.m2\repository\org\springframework\spring-jcl\6.2.1\spring-jcl-6.2.1.jar;C:\Users\quizz\.m2\repository\org\springframework\spring-test\6.2.1\spring-test-6.2.1.jar;C:\Users\quizz\.m2\repository\org\xmlunit\xmlunit-core\2.10.0\xmlunit-core-2.10.0.jar;C:\Users\quizz\.m2\repository\org\matheclipse\matheclipse-core\3.0.0\matheclipse-core-3.0.0.jar;C:\Users\quizz\.m2\repository\org\matheclipse\matheclipse-external\3.0.0\matheclipse-external-3.0.0.jar;C:\Users\quizz\.m2\repository\com\google\guava\guava\33.3.1-jre\guava-33.3.1-jre.jar;C:\Users\quizz\.m2\repository\com\google\guava\failureaccess\1.0.2\failureaccess-1.0.2.jar;C:\Users\quizz\.m2\repository\com\google\guava\listenablefuture\9999.0-empty-to-avoid-conflict-with-guava\listenablefuture-9999.0-empty-to-avoid-conflict-with-guava.jar;C:\Users\quizz\.m2\repository\org\checkerframework\checker-qual\3.43.0\checker-qual-3.43.0.jar;C:\Users\quizz\.m2\repository\com\google\errorprone\error_prone_annotations\2.28.0\error_prone_annotations-2.28.0.jar;C:\Users\quizz\.m2\repository\com\google\j2objc\j2objc-annotations\3.0.0\j2objc-annotations-3.0.0.jar;C:\Users\quizz\.m2\repository\io\pebbletemplates\pebble\3.2.1\pebble-3.2.1.jar;C:\Users\quizz\.m2\repository\org\unbescape\unbescape\1.1.6.RELEASE\unbescape-1.1.6.RELEASE.jar;C:\Users\quizz\.m2\repository\de\uni-mannheim\rz\krum\jas\2.7.200\jas-2.7.200.jar;C:\Users\quizz\.m2\repository\org\apfloat\apfloat\1.12.0\apfloat-1.12.0.jar;C:\Users\quizz\.m2\repository\org\hipparchus\hipparchus-clustering\3.0\hipparchus-clustering-3.0.jar;C:\Users\quizz\.m2\repository\org\hipparchus\hipparchus-core\3.0\hipparchus-core-3.0.jar;C:\Users\quizz\.m2\repository\org\hipparchus\hipparchus-stat\3.0\hipparchus-stat-3.0.jar;C:\Users\quizz\.m2\repository\org\hipparchus\hipparchus-fft\3.0\hipparchus-fft-3.0.jar;C:\Users\quizz\.m2\repository\org\hipparchus\hipparchus-fitting\3.0\hipparchus-fitting-3.0.jar;C:\Users\quizz\.m2\repository\org\hipparchus\hipparchus-ode\3.0\hipparchus-ode-3.0.jar;C:\Users\quizz\.m2\repository\org\hipparchus\hipparchus-optim\3.0\hipparchus-optim-3.0.jar;C:\Users\quizz\.m2\repository\org\jgrapht\jgrapht-io\1.5.2\jgrapht-io-1.5.2.jar;C:\Users\quizz\.m2\repository\org\jgrapht\jgrapht-core\1.5.2\jgrapht-core-1.5.2.jar;C:\Users\quizz\.m2\repository\org\jheaps\jheaps\0.14\jheaps-0.14.jar;C:\Users\quizz\.m2\repository\org\antlr\antlr4-runtime\4.12.0\antlr4-runtime-4.12.0.jar;C:\Users\quizz\.m2\repository\org\apache\commons\commons-text\1.10.0\commons-text-1.10.0.jar;C:\Users\quizz\.m2\repository\org\apache\commons\commons-lang3\3.17.0\commons-lang3-3.17.0.jar;C:\Users\quizz\.m2\repository\org\apache\commons\commons-csv\1.10.0\commons-csv-1.10.0.jar;C:\Users\quizz\.m2\repository\org\logicng\logicng-j11\2.4.2\logicng-j11-2.4.2.jar;C:\Users\quizz\.m2\repository\org\gavaghan\geodesy\1.1.3\geodesy-1.1.3.jar;C:\Users\quizz\.m2\repository\it\unimi\dsi\fastutil-core\8.5.12\fastutil-core-8.5.12.jar;C:\Users\quizz\.m2\repository\org\codehaus\janino\janino\3.1.12\janino-3.1.12.jar;C:\Users\quizz\.m2\repository\org\codehaus\janino\commons-compiler\3.1.12\commons-compiler-3.1.12.jar;C:\Users\quizz\.m2\repository\com\univocity\univocity-parsers\2.9.1\univocity-parsers-2.9.1.jar;C:\Users\quizz\.m2\repository\org\organicdesign\Paguro\3.10.3\Paguro-3.10.3.jar;C:\Users\quizz\.m2\repository\org\jetbrains\annotations\23.0.0\annotations-23.0.0.jar;C:\Users\quizz\.m2\repository\org\choco-solver\choco-solver\4.10.14\choco-solver-4.10.14.jar;C:\Users\quizz\.m2\repository\dk\brics\automaton\automaton\1.11-8\automaton-1.11-8.jar;C:\Users\quizz\.m2\repository\org\knowm\xchart\xchart\3.8.3\xchart-3.8.3.jar;C:\Users\quizz\.m2\repository\de\erichseifert\vectorgraphics2d\VectorGraphics2D\0.13\VectorGraphics2D-0.13.jar;C:\Users\quizz\.m2\repository\de\rototor\pdfbox\graphics2d\0.41\graphics2d-0.41.jar;C:\Users\quizz\.m2\repository\org\apache\pdfbox\pdfbox\2.0.26\pdfbox-2.0.26.jar;C:\Users\quizz\.m2\repository\org\apache\pdfbox\fontbox\2.0.26\fontbox-2.0.26.jar;C:\Users\quizz\.m2\repository\commons-logging\commons-logging\1.2\commons-logging-1.2.jar;C:\Users\quizz\.m2\repository\com\madgag\animated-gif-lib\1.4\animated-gif-lib-1.4.jar;C:\Users\quizz\.m2\repository\org\ehcache\sizeof\0.4.3\sizeof-0.4.3.jar;C:\Users\quizz\.m2\repository\net\sf\trove4j\trove4j\3.0.3\trove4j-3.0.3.jar;C:\Users\quizz\.m2\repository\com\esotericsoftware\kryo\5.5.0\kryo-5.5.0.jar;C:\Users\quizz\.m2\repository\com\esotericsoftware\reflectasm\1.11.9\reflectasm-1.11.9.jar;C:\Users\quizz\.m2\repository\com\esotericsoftware\minlog\1.3.1\minlog-1.3.1.jar;C:\Users\quizz\.m2\repository\com\github\freva\ascii-table\1.8.0\ascii-table-1.8.0.jar;C:\Users\quizz\.m2\repository\de\labathome\AdaptiveQuadrature\1.0.2\AdaptiveQuadrature-1.0.2.jar;C:\Users\quizz\.m2\repository\org\apache\logging\log4j\log4j-api\2.24.3\log4j-api-2.24.3.jar;C:\Users\quizz\.m2\repository\org\matheclipse\matheclipse-parser\3.0.0\matheclipse-parser-3.0.0.jar;"/>
    <property name="sun.cpu.endian" value="little"/>
    <property name="user.home" value="C:\Users\quizz"/>
    <property name="user.language" value="en"/>
    <property name="java.specification.vendor" value="Oracle Corporation"/>
    <property name="java.version.date" value="2024-07-16"/>
    <property name="java.home" value="C:\java\jdk17"/>
    <property name="file.separator" value="\"/>
    <property name="basedir" value="C:\Users\quizz\Documents\GitHub\QuizProjs\algebrator"/>
    <property name="java.vm.compressedOopsMode" value="32-bit"/>
    <property name="line.separator" value="&#10;"/>
    <property name="java.vm.specification.vendor" value="Oracle Corporation"/>
    <property name="java.specification.name" value="Java Platform API Specification"/>
    <property name="FILE_LOG_CHARSET" value="windows-1252"/>
    <property name="java.awt.headless" value="true"/>
    <property name="surefire.real.class.path" value="C:\Users\quizz\AppData\Local\Temp\surefire7852412720218319139\surefirebooter-20250120111133433_3.jar"/>
    <property name="user.script" value=""/>
    <property name="sun.management.compiler" value="HotSpot 64-Bit Tiered Compilers"/>
    <property name="java.runtime.version" value="17.0.12+8-LTS-286"/>
    <property name="user.name" value="quizz"/>
    <property name="path.separator" value=";"/>
    <property name="os.version" value="10.0"/>
    <property name="java.runtime.name" value="Java(TM) SE Runtime Environment"/>
    <property name="file.encoding" value="Cp1252"/>
    <property name="java.vm.name" value="Java HotSpot(TM) 64-Bit Server VM"/>
    <property name="localRepository" value="C:\Users\quizz\.m2\repository"/>
    <property name="java.vendor.url.bug" value="https://bugreport.java.com/bugreport/"/>
    <property name="java.io.tmpdir" value="C:\Users\quizz\AppData\Local\Temp\"/>
    <property name="java.version" value="17.0.12"/>
    <property name="user.dir" value="C:\Users\quizz\Documents\GitHub\QuizProjs\algebrator"/>
    <property name="os.arch" value="amd64"/>
    <property name="java.vm.specification.name" value="Java Virtual Machine Specification"/>
    <property name="PID" value="13968"/>
    <property name="sun.os.patch.level" value=""/>
    <property name="CONSOLE_LOG_CHARSET" value="windows-1252"/>
    <property name="native.encoding" value="Cp1252"/>
    <property name="java.library.path" value="C:\java\jdk17\bin;C:\WINDOWS\Sun\Java\bin;C:\WINDOWS\system32;C:\WINDOWS;C:\Program Files\Common Files\Oracle\Java\javapath;C:\WINDOWS\system32;C:\WINDOWS;C:\WINDOWS\System32\Wbem;C:\WINDOWS\System32\WindowsPowerShell\v1.0\;C:\java\jdk17\bin;C:\Program Files\TortoiseGit\bin;C:\WINDOWS\System32\OpenSSH\;C:\Maven\apache-maven-3.9.5\bin;C:\Users\quizz\AppData\Local\Microsoft\WindowsApps;C:\Users\quizz\AppData\Local\Programs\Git\cmd;C:\Users\quizz\AppData\Local\GitHubDesktop\bin;;C:\Users\quizz\AppData\Local\JetBrains\Toolbox\scripts;."/>
    <property name="java.vm.info" value="mixed mode, sharing"/>
    <property name="java.vendor" value="Oracle Corporation"/>
    <property name="java.vm.version" value="17.0.12+8-LTS-286"/>
    <property name="sun.io.unicode.encoding" value="UnicodeLittle"/>
    <property name="java.class.version" value="61.0"/>
    <property name="LOGGED_APPLICATION_NAME" value="[algebrator] "/>
  </properties>
  <testcase name="contextLoads" classname="com.quizlabs.algebrator.AlgebratorApplicationTests" time="1.546">
    <system-out><![CDATA[11:11:35.308 [main] INFO org.springframework.test.context.support.AnnotationConfigContextLoaderUtils -- Could not detect default configuration classes for test class [com.quizlabs.algebrator.AlgebratorApplicationTests]: AlgebratorApplicationTests does not declare any static, non-private, non-final, nested classes annotated with @Configuration.
11:11:35.574 [main] INFO org.springframework.boot.test.context.SpringBootTestContextBootstrapper -- Found @SpringBootConfiguration com.quizlabs.algebrator.AlgebratorApplication for test class com.quizlabs.algebrator.AlgebratorApplicationTests

  .   ____          _            __ _ _
 /\\ / ___'_ __ _ _(_)_ __  __ _ \ \ \ \
( ( )\___ | '_ | '_| | '_ \/ _` | \ \ \ \
 \\/  ___)| |_)| | | | | || (_| |  ) ) ) )
  '  |____| .__|_| |_|_| |_\__, | / / / /
 =========|_|==============|___/=/_/_/_/

 :: Spring Boot ::                (v3.4.1)

2025-01-20T11:11:36.652-05:00  INFO 13968 --- [algebrator] [           main] c.q.a.AlgebratorApplicationTests         : Starting AlgebratorApplicationTests using Java 17.0.12 with PID 13968 (started by quizz in C:\Users\quizz\Documents\GitHub\QuizProjs\algebrator)
2025-01-20T11:11:36.654-05:00  INFO 13968 --- [algebrator] [           main] c.q.a.AlgebratorApplicationTests         : No active profile set, falling back to 1 default profile: "default"
2025-01-20T11:11:43.679-05:00  INFO 13968 --- [algebrator] [           main] org.atmosphere.cpr.AtmosphereFramework   : Installed AtmosphereHandler com.vaadin.hilla.push.PushEndpoint mapped to context-path: /HILLA/push
2025-01-20T11:11:43.679-05:00  INFO 13968 --- [algebrator] [           main] org.atmosphere.cpr.AtmosphereFramework   : Installed the following AtmosphereInterceptor mapped to AtmosphereHandler com.vaadin.hilla.push.PushEndpoint
2025-01-20T11:11:43.679-05:00  INFO 13968 --- [algebrator] [           main] org.atmosphere.cpr.AtmosphereFramework   : 	org.atmosphere.interceptor.AtmosphereResourceLifecycleInterceptor : Atmosphere LifeCycle
2025-01-20T11:11:43.679-05:00  INFO 13968 --- [algebrator] [           main] org.atmosphere.cpr.AtmosphereFramework   : 	org.atmosphere.client.TrackMessageSizeInterceptor :  Track Message Size Interceptor using |
2025-01-20T11:11:43.679-05:00  INFO 13968 --- [algebrator] [           main] org.atmosphere.cpr.AtmosphereFramework   : 	org.atmosphere.interceptor.SuspendTrackerInterceptor : UUID Tracking Interceptor
2025-01-20T11:11:43.827-05:00  INFO 13968 --- [algebrator] [           main] c.q.a.AlgebratorApplicationTests         : Started AlgebratorApplicationTests in 7.939 seconds (process running for 10.099)
]]></system-out>
  </testcase>
</testsuite>